2024-09-02 15:54:32,455 INFO [restartedMain] c.n.c.CommunityApplication [StartupInfoLogger.java:55] Starting CommunityApplication using Java 17.0.1 on LAPTOP-7FRGJ6PK with PID 8260 (D:\schoolworkclass\community\target\classes started by paul in D:\schoolworkclass\community)
2024-09-02 15:54:32,462 INFO [restartedMain] c.n.c.CommunityApplication [SpringApplication.java:635] No active profile set, falling back to default profiles: default
2024-09-02 15:54:32,552 INFO [restartedMain] o.s.b.d.e.DevToolsPropertyDefaultsPostProcessor [DeferredLog.java:255] Devtools property defaults active! Set 'spring.devtools.add-properties' to 'false' to disable
2024-09-02 15:54:32,552 INFO [restartedMain] o.s.b.d.e.DevToolsPropertyDefaultsPostProcessor [DeferredLog.java:255] For additional web related logging consider setting the 'logging.level.web' property to 'DEBUG'
2024-09-02 15:54:33,121 INFO [restartedMain] o.s.d.r.c.RepositoryConfigurationDelegate [RepositoryConfigurationDelegate.java:262] Multiple Spring Data modules found, entering strict repository configuration mode!
2024-09-02 15:54:33,122 INFO [restartedMain] o.s.d.r.c.RepositoryConfigurationDelegate [RepositoryConfigurationDelegate.java:132] Bootstrapping Spring Data Elasticsearch repositories in DEFAULT mode.
2024-09-02 15:54:33,134 INFO [restartedMain] o.s.d.r.c.RepositoryConfigurationDelegate [RepositoryConfigurationDelegate.java:201] Finished Spring Data repository scanning in 8 ms. Found 0 Elasticsearch repository interfaces.
2024-09-02 15:54:33,137 INFO [restartedMain] o.s.d.r.c.RepositoryConfigurationDelegate [RepositoryConfigurationDelegate.java:262] Multiple Spring Data modules found, entering strict repository configuration mode!
2024-09-02 15:54:33,138 INFO [restartedMain] o.s.d.r.c.RepositoryConfigurationDelegate [RepositoryConfigurationDelegate.java:132] Bootstrapping Spring Data Reactive Elasticsearch repositories in DEFAULT mode.
2024-09-02 15:54:33,141 INFO [restartedMain] o.s.d.r.c.RepositoryConfigurationDelegate [RepositoryConfigurationDelegate.java:201] Finished Spring Data repository scanning in 2 ms. Found 0 Reactive Elasticsearch repository interfaces.
2024-09-02 15:54:33,149 INFO [restartedMain] o.s.d.r.c.RepositoryConfigurationDelegate [RepositoryConfigurationDelegate.java:262] Multiple Spring Data modules found, entering strict repository configuration mode!
2024-09-02 15:54:33,150 INFO [restartedMain] o.s.d.r.c.RepositoryConfigurationDelegate [RepositoryConfigurationDelegate.java:132] Bootstrapping Spring Data Redis repositories in DEFAULT mode.
2024-09-02 15:54:33,159 INFO [restartedMain] o.s.d.r.c.RepositoryConfigurationDelegate [RepositoryConfigurationDelegate.java:201] Finished Spring Data repository scanning in 3 ms. Found 0 Redis repository interfaces.
2024-09-02 15:54:33,825 INFO [restartedMain] o.s.b.w.e.t.TomcatWebServer [TomcatWebServer.java:108] Tomcat initialized with port(s): 8080 (http)
2024-09-02 15:54:33,832 INFO [restartedMain] o.a.c.h.Http11NioProtocol [DirectJDKLog.java:173] Initializing ProtocolHandler ["http-nio-8080"]
2024-09-02 15:54:33,832 INFO [restartedMain] o.a.c.c.StandardService [DirectJDKLog.java:173] Starting service [Tomcat]
2024-09-02 15:54:33,832 INFO [restartedMain] o.a.c.c.StandardEngine [DirectJDKLog.java:173] Starting Servlet engine: [Apache Tomcat/9.0.55]
2024-09-02 15:54:33,924 INFO [restartedMain] o.a.c.c.C.[.[.[/community] [DirectJDKLog.java:173] Initializing Spring embedded WebApplicationContext
2024-09-02 15:54:33,924 INFO [restartedMain] o.s.b.w.s.c.ServletWebServerApplicationContext [ServletWebServerApplicationContext.java:290] Root WebApplicationContext: initialization completed in 1371 ms
2024-09-02 15:54:34,734 INFO [restartedMain] o.s.b.a.w.s.WelcomePageHandlerMapping [WelcomePageHandlerMapping.java:57] Adding welcome page template: index
2024-09-02 15:54:35,337 INFO [restartedMain] o.s.b.a.s.s.UserDetailsServiceAutoConfiguration [UserDetailsServiceAutoConfiguration.java:87] 

Using generated security password: 52e95dc5-366b-4873-95fb-9d2a650beff7

2024-09-02 15:54:35,377 INFO [restartedMain] o.s.s.w.DefaultSecurityFilterChain [DefaultSecurityFilterChain.java:51] Will secure Ant [pattern='/resources/**'] with []
2024-09-02 15:54:35,401 INFO [restartedMain] o.s.s.w.DefaultSecurityFilterChain [DefaultSecurityFilterChain.java:51] Will secure any request with [org.springframework.security.web.context.request.async.WebAsyncManagerIntegrationFilter@19a20dd5, org.springframework.security.web.context.SecurityContextPersistenceFilter@419facff, org.springframework.security.web.header.HeaderWriterFilter@2672b558, org.springframework.security.web.authentication.logout.LogoutFilter@3c9f2af3, org.springframework.security.web.savedrequest.RequestCacheAwareFilter@501a08f1, org.springframework.security.web.servletapi.SecurityContextHolderAwareRequestFilter@7c456b15, org.springframework.security.web.authentication.AnonymousAuthenticationFilter@560533ef, org.springframework.security.web.session.SessionManagementFilter@129bfa8d, org.springframework.security.web.access.ExceptionTranslationFilter@7a079f42, org.springframework.security.web.access.intercept.FilterSecurityInterceptor@7b2d5931]
2024-09-02 15:54:35,442 INFO [restartedMain] o.s.b.d.a.OptionalLiveReloadServer [OptionalLiveReloadServer.java:58] LiveReload server is running on port 35729
2024-09-02 15:54:35,506 INFO [restartedMain] o.a.k.c.c.ConsumerConfig [AbstractConfig.java:376] ConsumerConfig values: 
	allow.auto.create.topics = true
	auto.commit.interval.ms = 3000
	auto.offset.reset = latest
	bootstrap.servers = [localhost:9092]
	check.crcs = true
	client.dns.lookup = use_all_dns_ips
	client.id = consumer-community-consumer-group-1
	client.rack = 
	connections.max.idle.ms = 540000
	default.api.timeout.ms = 60000
	enable.auto.commit = true
	exclude.internal.topics = true
	fetch.max.bytes = 52428800
	fetch.max.wait.ms = 500
	fetch.min.bytes = 1
	group.id = community-consumer-group
	group.instance.id = null
	heartbeat.interval.ms = 3000
	interceptor.classes = []
	internal.leave.group.on.close = true
	internal.throw.on.fetch.stable.offset.unsupported = false
	isolation.level = read_uncommitted
	key.deserializer = class org.apache.kafka.common.serialization.StringDeserializer
	max.partition.fetch.bytes = 1048576
	max.poll.interval.ms = 300000
	max.poll.records = 500
	metadata.max.age.ms = 300000
	metric.reporters = []
	metrics.num.samples = 2
	metrics.recording.level = INFO
	metrics.sample.window.ms = 30000
	partition.assignment.strategy = [class org.apache.kafka.clients.consumer.RangeAssignor, class org.apache.kafka.clients.consumer.CooperativeStickyAssignor]
	receive.buffer.bytes = 65536
	reconnect.backoff.max.ms = 1000
	reconnect.backoff.ms = 50
	request.timeout.ms = 30000
	retry.backoff.ms = 100
	sasl.client.callback.handler.class = null
	sasl.jaas.config = null
	sasl.kerberos.kinit.cmd = /usr/bin/kinit
	sasl.kerberos.min.time.before.relogin = 60000
	sasl.kerberos.service.name = null
	sasl.kerberos.ticket.renew.jitter = 0.05
	sasl.kerberos.ticket.renew.window.factor = 0.8
	sasl.login.callback.handler.class = null
	sasl.login.class = null
	sasl.login.refresh.buffer.seconds = 300
	sasl.login.refresh.min.period.seconds = 60
	sasl.login.refresh.window.factor = 0.8
	sasl.login.refresh.window.jitter = 0.05
	sasl.mechanism = GSSAPI
	security.protocol = PLAINTEXT
	security.providers = null
	send.buffer.bytes = 131072
	session.timeout.ms = 45000
	socket.connection.setup.timeout.max.ms = 30000
	socket.connection.setup.timeout.ms = 10000
	ssl.cipher.suites = null
	ssl.enabled.protocols = [TLSv1.2, TLSv1.3]
	ssl.endpoint.identification.algorithm = https
	ssl.engine.factory.class = null
	ssl.key.password = null
	ssl.keymanager.algorithm = SunX509
	ssl.keystore.certificate.chain = null
	ssl.keystore.key = null
	ssl.keystore.location = null
	ssl.keystore.password = null
	ssl.keystore.type = JKS
	ssl.protocol = TLSv1.3
	ssl.provider = null
	ssl.secure.random.implementation = null
	ssl.trustmanager.algorithm = PKIX
	ssl.truststore.certificates = null
	ssl.truststore.location = null
	ssl.truststore.password = null
	ssl.truststore.type = JKS
	value.deserializer = class org.apache.kafka.common.serialization.StringDeserializer

2024-09-02 15:54:35,580 INFO [restartedMain] o.a.k.c.u.AppInfoParser [AppInfoParser.java:119] Kafka version: 3.0.0
2024-09-02 15:54:35,581 INFO [restartedMain] o.a.k.c.u.AppInfoParser [AppInfoParser.java:120] Kafka commitId: 8cb0a5e9d3441962
2024-09-02 15:54:35,581 INFO [restartedMain] o.a.k.c.u.AppInfoParser [AppInfoParser.java:121] Kafka startTimeMs: 1725263675579
2024-09-02 15:54:35,584 INFO [restartedMain] o.a.k.c.c.KafkaConsumer [KafkaConsumer.java:966] [Consumer clientId=consumer-community-consumer-group-1, groupId=community-consumer-group] Subscribed to topic(s): comment, like, follow
2024-09-02 15:54:35,596 INFO [restartedMain] o.a.c.h.Http11NioProtocol [DirectJDKLog.java:173] Starting ProtocolHandler ["http-nio-8080"]
2024-09-02 15:54:35,610 INFO [restartedMain] o.s.b.w.e.t.TomcatWebServer [TomcatWebServer.java:220] Tomcat started on port(s): 8080 (http) with context path '/community'
2024-09-02 15:54:35,620 INFO [restartedMain] c.n.c.CommunityApplication [StartupInfoLogger.java:61] Started CommunityApplication in 3.533 seconds (JVM running for 4.103)
2024-09-02 15:54:35,928 INFO [org.springframework.kafka.KafkaListenerEndpointContainer#0-0-C-1] o.a.k.c.Metadata [Metadata.java:287] [Consumer clientId=consumer-community-consumer-group-1, groupId=community-consumer-group] Cluster ID: jTlTDbYYQFmtnIMwlDrF-g
2024-09-02 15:54:35,929 INFO [org.springframework.kafka.KafkaListenerEndpointContainer#0-0-C-1] o.a.k.c.c.i.ConsumerCoordinator [AbstractCoordinator.java:849] [Consumer clientId=consumer-community-consumer-group-1, groupId=community-consumer-group] Discovered group coordinator LAPTOP-7FRGJ6PK:9092 (id: 2147483647 rack: null)
2024-09-02 15:54:35,930 INFO [org.springframework.kafka.KafkaListenerEndpointContainer#0-0-C-1] o.a.k.c.c.i.ConsumerCoordinator [AbstractCoordinator.java:535] [Consumer clientId=consumer-community-consumer-group-1, groupId=community-consumer-group] (Re-)joining group
2024-09-02 15:54:35,953 INFO [org.springframework.kafka.KafkaListenerEndpointContainer#0-0-C-1] o.a.k.c.c.i.ConsumerCoordinator [AbstractCoordinator.java:988] [Consumer clientId=consumer-community-consumer-group-1, groupId=community-consumer-group] Request joining group due to: need to re-join with the given member-id
2024-09-02 15:54:35,953 INFO [org.springframework.kafka.KafkaListenerEndpointContainer#0-0-C-1] o.a.k.c.c.i.ConsumerCoordinator [AbstractCoordinator.java:535] [Consumer clientId=consumer-community-consumer-group-1, groupId=community-consumer-group] (Re-)joining group
2024-09-02 15:54:35,968 INFO [org.springframework.kafka.KafkaListenerEndpointContainer#0-0-C-1] o.a.k.c.c.i.ConsumerCoordinator [AbstractCoordinator.java:591] [Consumer clientId=consumer-community-consumer-group-1, groupId=community-consumer-group] Successfully joined group with generation Generation{generationId=152, memberId='consumer-community-consumer-group-1-cc4a57b2-66e6-4096-a042-a36ad28f8816', protocol='range'}
2024-09-02 15:54:35,969 INFO [org.springframework.kafka.KafkaListenerEndpointContainer#0-0-C-1] o.a.k.c.c.i.ConsumerCoordinator [ConsumerCoordinator.java:626] [Consumer clientId=consumer-community-consumer-group-1, groupId=community-consumer-group] Finished assignment for group at generation 152: {consumer-community-consumer-group-1-cc4a57b2-66e6-4096-a042-a36ad28f8816=Assignment(partitions=[like-0, comment-0, follow-0])}
2024-09-02 15:54:36,019 INFO [org.springframework.kafka.KafkaListenerEndpointContainer#0-0-C-1] o.a.k.c.c.i.ConsumerCoordinator [AbstractCoordinator.java:757] [Consumer clientId=consumer-community-consumer-group-1, groupId=community-consumer-group] Successfully synced group in generation Generation{generationId=152, memberId='consumer-community-consumer-group-1-cc4a57b2-66e6-4096-a042-a36ad28f8816', protocol='range'}
2024-09-02 15:54:36,019 INFO [org.springframework.kafka.KafkaListenerEndpointContainer#0-0-C-1] o.a.k.c.c.i.ConsumerCoordinator [ConsumerCoordinator.java:276] [Consumer clientId=consumer-community-consumer-group-1, groupId=community-consumer-group] Notifying assignor about the new Assignment(partitions=[like-0, comment-0, follow-0])
2024-09-02 15:54:36,021 INFO [org.springframework.kafka.KafkaListenerEndpointContainer#0-0-C-1] o.a.k.c.c.i.ConsumerCoordinator [ConsumerCoordinator.java:288] [Consumer clientId=consumer-community-consumer-group-1, groupId=community-consumer-group] Adding newly assigned partitions: comment-0, like-0, follow-0
2024-09-02 15:54:36,034 INFO [org.springframework.kafka.KafkaListenerEndpointContainer#0-0-C-1] o.a.k.c.c.i.ConsumerCoordinator [ConsumerCoordinator.java:818] [Consumer clientId=consumer-community-consumer-group-1, groupId=community-consumer-group] Setting offset for partition comment-0 to the committed offset FetchPosition{offset=9, offsetEpoch=Optional[0], currentLeader=LeaderAndEpoch{leader=Optional[LAPTOP-7FRGJ6PK:9092 (id: 0 rack: null)], epoch=0}}
2024-09-02 15:54:36,035 INFO [org.springframework.kafka.KafkaListenerEndpointContainer#0-0-C-1] o.a.k.c.c.i.ConsumerCoordinator [ConsumerCoordinator.java:818] [Consumer clientId=consumer-community-consumer-group-1, groupId=community-consumer-group] Setting offset for partition like-0 to the committed offset FetchPosition{offset=24, offsetEpoch=Optional[0], currentLeader=LeaderAndEpoch{leader=Optional[LAPTOP-7FRGJ6PK:9092 (id: 0 rack: null)], epoch=0}}
2024-09-02 15:54:36,035 INFO [org.springframework.kafka.KafkaListenerEndpointContainer#0-0-C-1] o.a.k.c.c.i.ConsumerCoordinator [ConsumerCoordinator.java:818] [Consumer clientId=consumer-community-consumer-group-1, groupId=community-consumer-group] Setting offset for partition follow-0 to the committed offset FetchPosition{offset=3, offsetEpoch=Optional[0], currentLeader=LeaderAndEpoch{leader=Optional[LAPTOP-7FRGJ6PK:9092 (id: 0 rack: null)], epoch=0}}
2024-09-02 15:54:36,048 INFO [org.springframework.kafka.KafkaListenerEndpointContainer#0-0-C-1] o.s.k.l.KafkaMessageListenerContainer [LogAccessor.java:292] community-consumer-group: partitions assigned: [comment-0, like-0, follow-0]
2024-09-02 15:54:45,550 INFO [http-nio-8080-exec-1] o.a.c.c.C.[.[.[/community] [DirectJDKLog.java:173] Initializing Spring DispatcherServlet 'dispatcherServlet'
2024-09-02 15:54:45,550 INFO [http-nio-8080-exec-1] o.s.w.s.DispatcherServlet [FrameworkServlet.java:525] Initializing Servlet 'dispatcherServlet'
2024-09-02 15:54:45,551 INFO [http-nio-8080-exec-1] o.s.w.s.DispatcherServlet [FrameworkServlet.java:547] Completed initialization in 1 ms
2024-09-02 15:54:45,586 INFO [http-nio-8080-exec-1] c.n.c.a.ServiceLogAspect [ServiceLogAspect.java:38] 用户[0:0:0:0:0:0:0:1],在[2024-09-02 15:54:45],访问了[com.nowcoder.community.service.DiscussPostService-findDiscussPostRows]
2024-09-02 15:54:45,611 INFO [http-nio-8080-exec-1] c.z.h.HikariDataSource [HikariDataSource.java:110] HikariPool-1 - Starting...
2024-09-02 15:54:45,727 INFO [http-nio-8080-exec-1] c.z.h.HikariDataSource [HikariDataSource.java:123] HikariPool-1 - Start completed.
2024-09-02 15:54:45,773 INFO [http-nio-8080-exec-1] c.n.c.a.ServiceLogAspect [ServiceLogAspect.java:38] 用户[0:0:0:0:0:0:0:1],在[2024-09-02 15:54:45],访问了[com.nowcoder.community.service.DiscussPostService-findDiscussPosts]
2024-09-02 15:54:45,781 INFO [http-nio-8080-exec-1] c.n.c.a.ServiceLogAspect [ServiceLogAspect.java:38] 用户[0:0:0:0:0:0:0:1],在[2024-09-02 15:54:45],访问了[com.nowcoder.community.service.UserService-findUserById]
2024-09-02 15:54:46,158 INFO [http-nio-8080-exec-1] c.n.c.a.ServiceLogAspect [ServiceLogAspect.java:38] 用户[0:0:0:0:0:0:0:1],在[2024-09-02 15:54:46],访问了[com.nowcoder.community.service.LikeService-findEntityLikeCount]
2024-09-02 15:54:46,164 INFO [http-nio-8080-exec-1] c.n.c.a.ServiceLogAspect [ServiceLogAspect.java:38] 用户[0:0:0:0:0:0:0:1],在[2024-09-02 15:54:46],访问了[com.nowcoder.community.service.UserService-findUserById]
2024-09-02 15:54:46,169 INFO [http-nio-8080-exec-1] c.n.c.a.ServiceLogAspect [ServiceLogAspect.java:38] 用户[0:0:0:0:0:0:0:1],在[2024-09-02 15:54:46],访问了[com.nowcoder.community.service.LikeService-findEntityLikeCount]
2024-09-02 15:54:46,170 INFO [http-nio-8080-exec-1] c.n.c.a.ServiceLogAspect [ServiceLogAspect.java:38] 用户[0:0:0:0:0:0:0:1],在[2024-09-02 15:54:46],访问了[com.nowcoder.community.service.UserService-findUserById]
2024-09-02 15:54:46,172 INFO [http-nio-8080-exec-1] c.n.c.a.ServiceLogAspect [ServiceLogAspect.java:38] 用户[0:0:0:0:0:0:0:1],在[2024-09-02 15:54:46],访问了[com.nowcoder.community.service.LikeService-findEntityLikeCount]
2024-09-02 15:54:46,173 INFO [http-nio-8080-exec-1] c.n.c.a.ServiceLogAspect [ServiceLogAspect.java:38] 用户[0:0:0:0:0:0:0:1],在[2024-09-02 15:54:46],访问了[com.nowcoder.community.service.UserService-findUserById]
2024-09-02 15:54:46,175 INFO [http-nio-8080-exec-1] c.n.c.a.ServiceLogAspect [ServiceLogAspect.java:38] 用户[0:0:0:0:0:0:0:1],在[2024-09-02 15:54:46],访问了[com.nowcoder.community.service.LikeService-findEntityLikeCount]
2024-09-02 15:54:46,176 INFO [http-nio-8080-exec-1] c.n.c.a.ServiceLogAspect [ServiceLogAspect.java:38] 用户[0:0:0:0:0:0:0:1],在[2024-09-02 15:54:46],访问了[com.nowcoder.community.service.UserService-findUserById]
2024-09-02 15:54:46,178 INFO [http-nio-8080-exec-1] c.n.c.a.ServiceLogAspect [ServiceLogAspect.java:38] 用户[0:0:0:0:0:0:0:1],在[2024-09-02 15:54:46],访问了[com.nowcoder.community.service.LikeService-findEntityLikeCount]
2024-09-02 15:54:46,179 INFO [http-nio-8080-exec-1] c.n.c.a.ServiceLogAspect [ServiceLogAspect.java:38] 用户[0:0:0:0:0:0:0:1],在[2024-09-02 15:54:46],访问了[com.nowcoder.community.service.UserService-findUserById]
2024-09-02 15:54:46,202 INFO [http-nio-8080-exec-1] c.n.c.a.ServiceLogAspect [ServiceLogAspect.java:38] 用户[0:0:0:0:0:0:0:1],在[2024-09-02 15:54:46],访问了[com.nowcoder.community.service.LikeService-findEntityLikeCount]
2024-09-02 15:54:46,203 INFO [http-nio-8080-exec-1] c.n.c.a.ServiceLogAspect [ServiceLogAspect.java:38] 用户[0:0:0:0:0:0:0:1],在[2024-09-02 15:54:46],访问了[com.nowcoder.community.service.UserService-findUserById]
2024-09-02 15:54:46,204 INFO [http-nio-8080-exec-1] c.n.c.a.ServiceLogAspect [ServiceLogAspect.java:38] 用户[0:0:0:0:0:0:0:1],在[2024-09-02 15:54:46],访问了[com.nowcoder.community.service.LikeService-findEntityLikeCount]
2024-09-02 15:54:46,205 INFO [http-nio-8080-exec-1] c.n.c.a.ServiceLogAspect [ServiceLogAspect.java:38] 用户[0:0:0:0:0:0:0:1],在[2024-09-02 15:54:46],访问了[com.nowcoder.community.service.UserService-findUserById]
2024-09-02 15:54:46,206 INFO [http-nio-8080-exec-1] c.n.c.a.ServiceLogAspect [ServiceLogAspect.java:38] 用户[0:0:0:0:0:0:0:1],在[2024-09-02 15:54:46],访问了[com.nowcoder.community.service.LikeService-findEntityLikeCount]
2024-09-02 15:54:46,206 INFO [http-nio-8080-exec-1] c.n.c.a.ServiceLogAspect [ServiceLogAspect.java:38] 用户[0:0:0:0:0:0:0:1],在[2024-09-02 15:54:46],访问了[com.nowcoder.community.service.UserService-findUserById]
2024-09-02 15:54:46,207 INFO [http-nio-8080-exec-1] c.n.c.a.ServiceLogAspect [ServiceLogAspect.java:38] 用户[0:0:0:0:0:0:0:1],在[2024-09-02 15:54:46],访问了[com.nowcoder.community.service.LikeService-findEntityLikeCount]
2024-09-02 15:54:46,207 INFO [http-nio-8080-exec-1] c.n.c.a.ServiceLogAspect [ServiceLogAspect.java:38] 用户[0:0:0:0:0:0:0:1],在[2024-09-02 15:54:46],访问了[com.nowcoder.community.service.UserService-findUserById]
2024-09-02 15:54:46,210 INFO [http-nio-8080-exec-1] c.n.c.a.ServiceLogAspect [ServiceLogAspect.java:38] 用户[0:0:0:0:0:0:0:1],在[2024-09-02 15:54:46],访问了[com.nowcoder.community.service.LikeService-findEntityLikeCount]
2024-09-02 15:54:48,580 INFO [http-nio-8080-exec-6] c.n.c.a.ServiceLogAspect [ServiceLogAspect.java:38] 用户[0:0:0:0:0:0:0:1],在[2024-09-02 15:54:48],访问了[com.nowcoder.community.service.DiscussPostService-findDiscussPostRows]
2024-09-02 15:54:48,583 INFO [http-nio-8080-exec-6] c.n.c.a.ServiceLogAspect [ServiceLogAspect.java:38] 用户[0:0:0:0:0:0:0:1],在[2024-09-02 15:54:48],访问了[com.nowcoder.community.service.DiscussPostService-findDiscussPosts]
2024-09-02 15:54:48,593 INFO [http-nio-8080-exec-6] c.n.c.a.ServiceLogAspect [ServiceLogAspect.java:38] 用户[0:0:0:0:0:0:0:1],在[2024-09-02 15:54:48],访问了[com.nowcoder.community.service.UserService-findUserById]
2024-09-02 15:54:48,595 INFO [http-nio-8080-exec-6] c.n.c.a.ServiceLogAspect [ServiceLogAspect.java:38] 用户[0:0:0:0:0:0:0:1],在[2024-09-02 15:54:48],访问了[com.nowcoder.community.service.LikeService-findEntityLikeCount]
2024-09-02 15:54:48,596 INFO [http-nio-8080-exec-6] c.n.c.a.ServiceLogAspect [ServiceLogAspect.java:38] 用户[0:0:0:0:0:0:0:1],在[2024-09-02 15:54:48],访问了[com.nowcoder.community.service.UserService-findUserById]
2024-09-02 15:54:48,598 INFO [http-nio-8080-exec-6] c.n.c.a.ServiceLogAspect [ServiceLogAspect.java:38] 用户[0:0:0:0:0:0:0:1],在[2024-09-02 15:54:48],访问了[com.nowcoder.community.service.LikeService-findEntityLikeCount]
2024-09-02 15:54:48,599 INFO [http-nio-8080-exec-6] c.n.c.a.ServiceLogAspect [ServiceLogAspect.java:38] 用户[0:0:0:0:0:0:0:1],在[2024-09-02 15:54:48],访问了[com.nowcoder.community.service.UserService-findUserById]
2024-09-02 15:54:48,600 INFO [http-nio-8080-exec-6] c.n.c.a.ServiceLogAspect [ServiceLogAspect.java:38] 用户[0:0:0:0:0:0:0:1],在[2024-09-02 15:54:48],访问了[com.nowcoder.community.service.LikeService-findEntityLikeCount]
2024-09-02 15:54:48,601 INFO [http-nio-8080-exec-6] c.n.c.a.ServiceLogAspect [ServiceLogAspect.java:38] 用户[0:0:0:0:0:0:0:1],在[2024-09-02 15:54:48],访问了[com.nowcoder.community.service.UserService-findUserById]
2024-09-02 15:54:48,602 INFO [http-nio-8080-exec-6] c.n.c.a.ServiceLogAspect [ServiceLogAspect.java:38] 用户[0:0:0:0:0:0:0:1],在[2024-09-02 15:54:48],访问了[com.nowcoder.community.service.LikeService-findEntityLikeCount]
2024-09-02 15:54:48,603 INFO [http-nio-8080-exec-6] c.n.c.a.ServiceLogAspect [ServiceLogAspect.java:38] 用户[0:0:0:0:0:0:0:1],在[2024-09-02 15:54:48],访问了[com.nowcoder.community.service.UserService-findUserById]
2024-09-02 15:54:48,604 INFO [http-nio-8080-exec-6] c.n.c.a.ServiceLogAspect [ServiceLogAspect.java:38] 用户[0:0:0:0:0:0:0:1],在[2024-09-02 15:54:48],访问了[com.nowcoder.community.service.LikeService-findEntityLikeCount]
2024-09-02 15:54:48,605 INFO [http-nio-8080-exec-6] c.n.c.a.ServiceLogAspect [ServiceLogAspect.java:38] 用户[0:0:0:0:0:0:0:1],在[2024-09-02 15:54:48],访问了[com.nowcoder.community.service.UserService-findUserById]
2024-09-02 15:54:48,607 INFO [http-nio-8080-exec-6] c.n.c.a.ServiceLogAspect [ServiceLogAspect.java:38] 用户[0:0:0:0:0:0:0:1],在[2024-09-02 15:54:48],访问了[com.nowcoder.community.service.LikeService-findEntityLikeCount]
2024-09-02 15:54:48,608 INFO [http-nio-8080-exec-6] c.n.c.a.ServiceLogAspect [ServiceLogAspect.java:38] 用户[0:0:0:0:0:0:0:1],在[2024-09-02 15:54:48],访问了[com.nowcoder.community.service.UserService-findUserById]
2024-09-02 15:54:48,611 INFO [http-nio-8080-exec-6] c.n.c.a.ServiceLogAspect [ServiceLogAspect.java:38] 用户[0:0:0:0:0:0:0:1],在[2024-09-02 15:54:48],访问了[com.nowcoder.community.service.LikeService-findEntityLikeCount]
2024-09-02 15:54:48,612 INFO [http-nio-8080-exec-6] c.n.c.a.ServiceLogAspect [ServiceLogAspect.java:38] 用户[0:0:0:0:0:0:0:1],在[2024-09-02 15:54:48],访问了[com.nowcoder.community.service.UserService-findUserById]
2024-09-02 15:54:48,613 INFO [http-nio-8080-exec-6] c.n.c.a.ServiceLogAspect [ServiceLogAspect.java:38] 用户[0:0:0:0:0:0:0:1],在[2024-09-02 15:54:48],访问了[com.nowcoder.community.service.LikeService-findEntityLikeCount]
2024-09-02 15:54:48,614 INFO [http-nio-8080-exec-6] c.n.c.a.ServiceLogAspect [ServiceLogAspect.java:38] 用户[0:0:0:0:0:0:0:1],在[2024-09-02 15:54:48],访问了[com.nowcoder.community.service.UserService-findUserById]
2024-09-02 15:54:48,615 INFO [http-nio-8080-exec-6] c.n.c.a.ServiceLogAspect [ServiceLogAspect.java:38] 用户[0:0:0:0:0:0:0:1],在[2024-09-02 15:54:48],访问了[com.nowcoder.community.service.LikeService-findEntityLikeCount]
2024-09-02 15:54:48,616 INFO [http-nio-8080-exec-6] c.n.c.a.ServiceLogAspect [ServiceLogAspect.java:38] 用户[0:0:0:0:0:0:0:1],在[2024-09-02 15:54:48],访问了[com.nowcoder.community.service.UserService-findUserById]
2024-09-02 15:54:48,618 INFO [http-nio-8080-exec-6] c.n.c.a.ServiceLogAspect [ServiceLogAspect.java:38] 用户[0:0:0:0:0:0:0:1],在[2024-09-02 15:54:48],访问了[com.nowcoder.community.service.LikeService-findEntityLikeCount]
2024-09-02 15:55:02,721 INFO [http-nio-8080-exec-6] c.n.c.a.ServiceLogAspect [ServiceLogAspect.java:38] 用户[0:0:0:0:0:0:0:1],在[2024-09-02 15:55:02],访问了[com.nowcoder.community.service.UserService-login]
2024-09-02 15:55:02,745 INFO [http-nio-8080-exec-8] c.n.c.a.ServiceLogAspect [ServiceLogAspect.java:38] 用户[0:0:0:0:0:0:0:1],在[2024-09-02 15:55:02],访问了[com.nowcoder.community.service.UserService-findLoginTicket]
2024-09-02 15:55:02,746 INFO [http-nio-8080-exec-8] c.n.c.a.ServiceLogAspect [ServiceLogAspect.java:38] 用户[0:0:0:0:0:0:0:1],在[2024-09-02 15:55:02],访问了[com.nowcoder.community.service.UserService-findUserById]
2024-09-02 15:55:02,748 INFO [http-nio-8080-exec-8] c.n.c.a.ServiceLogAspect [ServiceLogAspect.java:38] 用户[0:0:0:0:0:0:0:1],在[2024-09-02 15:55:02],访问了[com.nowcoder.community.service.UserService-getAuthorities]
2024-09-02 15:55:02,752 INFO [http-nio-8080-exec-8] c.n.c.a.ServiceLogAspect [ServiceLogAspect.java:38] 用户[0:0:0:0:0:0:0:1],在[2024-09-02 15:55:02],访问了[com.nowcoder.community.service.DiscussPostService-findDiscussPostRows]
2024-09-02 15:55:02,753 INFO [http-nio-8080-exec-8] c.n.c.a.ServiceLogAspect [ServiceLogAspect.java:38] 用户[0:0:0:0:0:0:0:1],在[2024-09-02 15:55:02],访问了[com.nowcoder.community.service.DiscussPostService-findDiscussPosts]
2024-09-02 15:55:02,756 INFO [http-nio-8080-exec-8] c.n.c.a.ServiceLogAspect [ServiceLogAspect.java:38] 用户[0:0:0:0:0:0:0:1],在[2024-09-02 15:55:02],访问了[com.nowcoder.community.service.UserService-findUserById]
2024-09-02 15:55:02,758 INFO [http-nio-8080-exec-8] c.n.c.a.ServiceLogAspect [ServiceLogAspect.java:38] 用户[0:0:0:0:0:0:0:1],在[2024-09-02 15:55:02],访问了[com.nowcoder.community.service.LikeService-findEntityLikeCount]
2024-09-02 15:55:02,760 INFO [http-nio-8080-exec-8] c.n.c.a.ServiceLogAspect [ServiceLogAspect.java:38] 用户[0:0:0:0:0:0:0:1],在[2024-09-02 15:55:02],访问了[com.nowcoder.community.service.UserService-findUserById]
2024-09-02 15:55:02,762 INFO [http-nio-8080-exec-8] c.n.c.a.ServiceLogAspect [ServiceLogAspect.java:38] 用户[0:0:0:0:0:0:0:1],在[2024-09-02 15:55:02],访问了[com.nowcoder.community.service.LikeService-findEntityLikeCount]
2024-09-02 15:55:02,765 INFO [http-nio-8080-exec-8] c.n.c.a.ServiceLogAspect [ServiceLogAspect.java:38] 用户[0:0:0:0:0:0:0:1],在[2024-09-02 15:55:02],访问了[com.nowcoder.community.service.UserService-findUserById]
2024-09-02 15:55:02,766 INFO [http-nio-8080-exec-8] c.n.c.a.ServiceLogAspect [ServiceLogAspect.java:38] 用户[0:0:0:0:0:0:0:1],在[2024-09-02 15:55:02],访问了[com.nowcoder.community.service.LikeService-findEntityLikeCount]
2024-09-02 15:55:02,767 INFO [http-nio-8080-exec-8] c.n.c.a.ServiceLogAspect [ServiceLogAspect.java:38] 用户[0:0:0:0:0:0:0:1],在[2024-09-02 15:55:02],访问了[com.nowcoder.community.service.UserService-findUserById]
2024-09-02 15:55:02,768 INFO [http-nio-8080-exec-8] c.n.c.a.ServiceLogAspect [ServiceLogAspect.java:38] 用户[0:0:0:0:0:0:0:1],在[2024-09-02 15:55:02],访问了[com.nowcoder.community.service.LikeService-findEntityLikeCount]
2024-09-02 15:55:02,769 INFO [http-nio-8080-exec-8] c.n.c.a.ServiceLogAspect [ServiceLogAspect.java:38] 用户[0:0:0:0:0:0:0:1],在[2024-09-02 15:55:02],访问了[com.nowcoder.community.service.UserService-findUserById]
2024-09-02 15:55:02,770 INFO [http-nio-8080-exec-8] c.n.c.a.ServiceLogAspect [ServiceLogAspect.java:38] 用户[0:0:0:0:0:0:0:1],在[2024-09-02 15:55:02],访问了[com.nowcoder.community.service.LikeService-findEntityLikeCount]
2024-09-02 15:55:02,771 INFO [http-nio-8080-exec-8] c.n.c.a.ServiceLogAspect [ServiceLogAspect.java:38] 用户[0:0:0:0:0:0:0:1],在[2024-09-02 15:55:02],访问了[com.nowcoder.community.service.UserService-findUserById]
2024-09-02 15:55:02,773 INFO [http-nio-8080-exec-8] c.n.c.a.ServiceLogAspect [ServiceLogAspect.java:38] 用户[0:0:0:0:0:0:0:1],在[2024-09-02 15:55:02],访问了[com.nowcoder.community.service.LikeService-findEntityLikeCount]
2024-09-02 15:55:02,774 INFO [http-nio-8080-exec-8] c.n.c.a.ServiceLogAspect [ServiceLogAspect.java:38] 用户[0:0:0:0:0:0:0:1],在[2024-09-02 15:55:02],访问了[com.nowcoder.community.service.UserService-findUserById]
2024-09-02 15:55:02,776 INFO [http-nio-8080-exec-8] c.n.c.a.ServiceLogAspect [ServiceLogAspect.java:38] 用户[0:0:0:0:0:0:0:1],在[2024-09-02 15:55:02],访问了[com.nowcoder.community.service.LikeService-findEntityLikeCount]
2024-09-02 15:55:02,777 INFO [http-nio-8080-exec-8] c.n.c.a.ServiceLogAspect [ServiceLogAspect.java:38] 用户[0:0:0:0:0:0:0:1],在[2024-09-02 15:55:02],访问了[com.nowcoder.community.service.UserService-findUserById]
2024-09-02 15:55:02,779 INFO [http-nio-8080-exec-8] c.n.c.a.ServiceLogAspect [ServiceLogAspect.java:38] 用户[0:0:0:0:0:0:0:1],在[2024-09-02 15:55:02],访问了[com.nowcoder.community.service.LikeService-findEntityLikeCount]
2024-09-02 15:55:02,782 INFO [http-nio-8080-exec-8] c.n.c.a.ServiceLogAspect [ServiceLogAspect.java:38] 用户[0:0:0:0:0:0:0:1],在[2024-09-02 15:55:02],访问了[com.nowcoder.community.service.UserService-findUserById]
2024-09-02 15:55:02,783 INFO [http-nio-8080-exec-8] c.n.c.a.ServiceLogAspect [ServiceLogAspect.java:38] 用户[0:0:0:0:0:0:0:1],在[2024-09-02 15:55:02],访问了[com.nowcoder.community.service.LikeService-findEntityLikeCount]
2024-09-02 15:55:02,784 INFO [http-nio-8080-exec-8] c.n.c.a.ServiceLogAspect [ServiceLogAspect.java:38] 用户[0:0:0:0:0:0:0:1],在[2024-09-02 15:55:02],访问了[com.nowcoder.community.service.UserService-findUserById]
2024-09-02 15:55:02,787 INFO [http-nio-8080-exec-8] c.n.c.a.ServiceLogAspect [ServiceLogAspect.java:38] 用户[0:0:0:0:0:0:0:1],在[2024-09-02 15:55:02],访问了[com.nowcoder.community.service.LikeService-findEntityLikeCount]
2024-09-02 15:55:02,788 INFO [http-nio-8080-exec-8] c.n.c.a.ServiceLogAspect [ServiceLogAspect.java:38] 用户[0:0:0:0:0:0:0:1],在[2024-09-02 15:55:02],访问了[com.nowcoder.community.service.MessageService-findLetterUnreadCount]
2024-09-02 15:55:02,797 INFO [http-nio-8080-exec-8] c.n.c.a.ServiceLogAspect [ServiceLogAspect.java:38] 用户[0:0:0:0:0:0:0:1],在[2024-09-02 15:55:02],访问了[com.nowcoder.community.service.MessageService-findNoticeUnreadCount]
2024-09-02 15:55:02,903 INFO [http-nio-8080-exec-5] c.n.c.a.ServiceLogAspect [ServiceLogAspect.java:38] 用户[0:0:0:0:0:0:0:1],在[2024-09-02 15:55:02],访问了[com.nowcoder.community.service.UserService-findLoginTicket]
2024-09-02 15:55:02,904 INFO [http-nio-8080-exec-5] c.n.c.a.ServiceLogAspect [ServiceLogAspect.java:38] 用户[0:0:0:0:0:0:0:1],在[2024-09-02 15:55:02],访问了[com.nowcoder.community.service.UserService-findUserById]
2024-09-02 15:55:02,905 INFO [http-nio-8080-exec-5] c.n.c.a.ServiceLogAspect [ServiceLogAspect.java:38] 用户[0:0:0:0:0:0:0:1],在[2024-09-02 15:55:02],访问了[com.nowcoder.community.service.UserService-getAuthorities]
2024-09-02 15:55:18,599 INFO [http-nio-8080-exec-2] c.n.c.a.ServiceLogAspect [ServiceLogAspect.java:38] 用户[0:0:0:0:0:0:0:1],在[2024-09-02 15:55:18],访问了[com.nowcoder.community.service.UserService-findLoginTicket]
2024-09-02 15:55:18,603 INFO [http-nio-8080-exec-2] c.n.c.a.ServiceLogAspect [ServiceLogAspect.java:38] 用户[0:0:0:0:0:0:0:1],在[2024-09-02 15:55:18],访问了[com.nowcoder.community.service.UserService-findUserById]
2024-09-02 15:55:18,604 INFO [http-nio-8080-exec-2] c.n.c.a.ServiceLogAspect [ServiceLogAspect.java:38] 用户[0:0:0:0:0:0:0:1],在[2024-09-02 15:55:18],访问了[com.nowcoder.community.service.UserService-getAuthorities]
2024-09-02 15:55:18,606 INFO [http-nio-8080-exec-2] c.n.c.a.ServiceLogAspect [ServiceLogAspect.java:38] 用户[0:0:0:0:0:0:0:1],在[2024-09-02 15:55:18],访问了[com.nowcoder.community.service.DiscussPostService-addDiscussPost]
2024-09-02 15:55:20,913 INFO [http-nio-8080-exec-6] c.n.c.a.ServiceLogAspect [ServiceLogAspect.java:38] 用户[0:0:0:0:0:0:0:1],在[2024-09-02 15:55:20],访问了[com.nowcoder.community.service.UserService-findLoginTicket]
2024-09-02 15:55:20,914 INFO [http-nio-8080-exec-6] c.n.c.a.ServiceLogAspect [ServiceLogAspect.java:38] 用户[0:0:0:0:0:0:0:1],在[2024-09-02 15:55:20],访问了[com.nowcoder.community.service.UserService-findUserById]
2024-09-02 15:55:20,917 INFO [http-nio-8080-exec-6] c.n.c.a.ServiceLogAspect [ServiceLogAspect.java:38] 用户[0:0:0:0:0:0:0:1],在[2024-09-02 15:55:20],访问了[com.nowcoder.community.service.UserService-getAuthorities]
2024-09-02 15:55:20,919 INFO [http-nio-8080-exec-6] c.n.c.a.ServiceLogAspect [ServiceLogAspect.java:38] 用户[0:0:0:0:0:0:0:1],在[2024-09-02 15:55:20],访问了[com.nowcoder.community.service.DiscussPostService-findDiscussPostRows]
2024-09-02 15:55:20,925 INFO [http-nio-8080-exec-6] c.n.c.a.ServiceLogAspect [ServiceLogAspect.java:38] 用户[0:0:0:0:0:0:0:1],在[2024-09-02 15:55:20],访问了[com.nowcoder.community.service.DiscussPostService-findDiscussPosts]
2024-09-02 15:55:20,929 INFO [http-nio-8080-exec-6] c.n.c.a.ServiceLogAspect [ServiceLogAspect.java:38] 用户[0:0:0:0:0:0:0:1],在[2024-09-02 15:55:20],访问了[com.nowcoder.community.service.UserService-findUserById]
2024-09-02 15:55:20,930 INFO [http-nio-8080-exec-6] c.n.c.a.ServiceLogAspect [ServiceLogAspect.java:38] 用户[0:0:0:0:0:0:0:1],在[2024-09-02 15:55:20],访问了[com.nowcoder.community.service.LikeService-findEntityLikeCount]
2024-09-02 15:55:20,931 INFO [http-nio-8080-exec-6] c.n.c.a.ServiceLogAspect [ServiceLogAspect.java:38] 用户[0:0:0:0:0:0:0:1],在[2024-09-02 15:55:20],访问了[com.nowcoder.community.service.UserService-findUserById]
2024-09-02 15:55:20,932 INFO [http-nio-8080-exec-6] c.n.c.a.ServiceLogAspect [ServiceLogAspect.java:38] 用户[0:0:0:0:0:0:0:1],在[2024-09-02 15:55:20],访问了[com.nowcoder.community.service.LikeService-findEntityLikeCount]
2024-09-02 15:55:20,932 INFO [http-nio-8080-exec-6] c.n.c.a.ServiceLogAspect [ServiceLogAspect.java:38] 用户[0:0:0:0:0:0:0:1],在[2024-09-02 15:55:20],访问了[com.nowcoder.community.service.UserService-findUserById]
2024-09-02 15:55:20,933 INFO [http-nio-8080-exec-6] c.n.c.a.ServiceLogAspect [ServiceLogAspect.java:38] 用户[0:0:0:0:0:0:0:1],在[2024-09-02 15:55:20],访问了[com.nowcoder.community.service.LikeService-findEntityLikeCount]
2024-09-02 15:55:20,934 INFO [http-nio-8080-exec-6] c.n.c.a.ServiceLogAspect [ServiceLogAspect.java:38] 用户[0:0:0:0:0:0:0:1],在[2024-09-02 15:55:20],访问了[com.nowcoder.community.service.UserService-findUserById]
2024-09-02 15:55:20,935 INFO [http-nio-8080-exec-6] c.n.c.a.ServiceLogAspect [ServiceLogAspect.java:38] 用户[0:0:0:0:0:0:0:1],在[2024-09-02 15:55:20],访问了[com.nowcoder.community.service.LikeService-findEntityLikeCount]
2024-09-02 15:55:20,936 INFO [http-nio-8080-exec-6] c.n.c.a.ServiceLogAspect [ServiceLogAspect.java:38] 用户[0:0:0:0:0:0:0:1],在[2024-09-02 15:55:20],访问了[com.nowcoder.community.service.UserService-findUserById]
2024-09-02 15:55:20,937 INFO [http-nio-8080-exec-6] c.n.c.a.ServiceLogAspect [ServiceLogAspect.java:38] 用户[0:0:0:0:0:0:0:1],在[2024-09-02 15:55:20],访问了[com.nowcoder.community.service.LikeService-findEntityLikeCount]
2024-09-02 15:55:20,938 INFO [http-nio-8080-exec-6] c.n.c.a.ServiceLogAspect [ServiceLogAspect.java:38] 用户[0:0:0:0:0:0:0:1],在[2024-09-02 15:55:20],访问了[com.nowcoder.community.service.UserService-findUserById]
2024-09-02 15:55:20,939 INFO [http-nio-8080-exec-6] c.n.c.a.ServiceLogAspect [ServiceLogAspect.java:38] 用户[0:0:0:0:0:0:0:1],在[2024-09-02 15:55:20],访问了[com.nowcoder.community.service.LikeService-findEntityLikeCount]
2024-09-02 15:55:20,939 INFO [http-nio-8080-exec-6] c.n.c.a.ServiceLogAspect [ServiceLogAspect.java:38] 用户[0:0:0:0:0:0:0:1],在[2024-09-02 15:55:20],访问了[com.nowcoder.community.service.UserService-findUserById]
2024-09-02 15:55:20,940 INFO [http-nio-8080-exec-6] c.n.c.a.ServiceLogAspect [ServiceLogAspect.java:38] 用户[0:0:0:0:0:0:0:1],在[2024-09-02 15:55:20],访问了[com.nowcoder.community.service.LikeService-findEntityLikeCount]
2024-09-02 15:55:20,941 INFO [http-nio-8080-exec-6] c.n.c.a.ServiceLogAspect [ServiceLogAspect.java:38] 用户[0:0:0:0:0:0:0:1],在[2024-09-02 15:55:20],访问了[com.nowcoder.community.service.UserService-findUserById]
2024-09-02 15:55:20,942 INFO [http-nio-8080-exec-6] c.n.c.a.ServiceLogAspect [ServiceLogAspect.java:38] 用户[0:0:0:0:0:0:0:1],在[2024-09-02 15:55:20],访问了[com.nowcoder.community.service.LikeService-findEntityLikeCount]
2024-09-02 15:55:20,942 INFO [http-nio-8080-exec-6] c.n.c.a.ServiceLogAspect [ServiceLogAspect.java:38] 用户[0:0:0:0:0:0:0:1],在[2024-09-02 15:55:20],访问了[com.nowcoder.community.service.UserService-findUserById]
2024-09-02 15:55:20,943 INFO [http-nio-8080-exec-6] c.n.c.a.ServiceLogAspect [ServiceLogAspect.java:38] 用户[0:0:0:0:0:0:0:1],在[2024-09-02 15:55:20],访问了[com.nowcoder.community.service.LikeService-findEntityLikeCount]
2024-09-02 15:55:20,943 INFO [http-nio-8080-exec-6] c.n.c.a.ServiceLogAspect [ServiceLogAspect.java:38] 用户[0:0:0:0:0:0:0:1],在[2024-09-02 15:55:20],访问了[com.nowcoder.community.service.UserService-findUserById]
2024-09-02 15:55:20,944 INFO [http-nio-8080-exec-6] c.n.c.a.ServiceLogAspect [ServiceLogAspect.java:38] 用户[0:0:0:0:0:0:0:1],在[2024-09-02 15:55:20],访问了[com.nowcoder.community.service.LikeService-findEntityLikeCount]
2024-09-02 15:55:20,944 INFO [http-nio-8080-exec-6] c.n.c.a.ServiceLogAspect [ServiceLogAspect.java:38] 用户[0:0:0:0:0:0:0:1],在[2024-09-02 15:55:20],访问了[com.nowcoder.community.service.MessageService-findLetterUnreadCount]
2024-09-02 15:55:20,946 INFO [http-nio-8080-exec-6] c.n.c.a.ServiceLogAspect [ServiceLogAspect.java:38] 用户[0:0:0:0:0:0:0:1],在[2024-09-02 15:55:20],访问了[com.nowcoder.community.service.MessageService-findNoticeUnreadCount]
2024-09-02 15:55:21,052 INFO [http-nio-8080-exec-4] c.n.c.a.ServiceLogAspect [ServiceLogAspect.java:38] 用户[0:0:0:0:0:0:0:1],在[2024-09-02 15:55:21],访问了[com.nowcoder.community.service.UserService-findLoginTicket]
2024-09-02 15:55:21,053 INFO [http-nio-8080-exec-4] c.n.c.a.ServiceLogAspect [ServiceLogAspect.java:38] 用户[0:0:0:0:0:0:0:1],在[2024-09-02 15:55:21],访问了[com.nowcoder.community.service.UserService-findUserById]
2024-09-02 15:55:21,054 INFO [http-nio-8080-exec-4] c.n.c.a.ServiceLogAspect [ServiceLogAspect.java:38] 用户[0:0:0:0:0:0:0:1],在[2024-09-02 15:55:21],访问了[com.nowcoder.community.service.UserService-getAuthorities]
2024-09-02 15:55:21,280 INFO [http-nio-8080-exec-5] c.n.c.a.ServiceLogAspect [ServiceLogAspect.java:38] 用户[0:0:0:0:0:0:0:1],在[2024-09-02 15:55:21],访问了[com.nowcoder.community.service.UserService-findLoginTicket]
2024-09-02 15:55:21,281 INFO [http-nio-8080-exec-5] c.n.c.a.ServiceLogAspect [ServiceLogAspect.java:38] 用户[0:0:0:0:0:0:0:1],在[2024-09-02 15:55:21],访问了[com.nowcoder.community.service.UserService-findUserById]
2024-09-02 15:55:21,282 INFO [http-nio-8080-exec-5] c.n.c.a.ServiceLogAspect [ServiceLogAspect.java:38] 用户[0:0:0:0:0:0:0:1],在[2024-09-02 15:55:21],访问了[com.nowcoder.community.service.UserService-getAuthorities]
2024-09-02 15:55:22,537 INFO [http-nio-8080-exec-2] c.n.c.a.ServiceLogAspect [ServiceLogAspect.java:38] 用户[0:0:0:0:0:0:0:1],在[2024-09-02 15:55:22],访问了[com.nowcoder.community.service.UserService-findLoginTicket]
2024-09-02 15:55:22,538 INFO [http-nio-8080-exec-2] c.n.c.a.ServiceLogAspect [ServiceLogAspect.java:38] 用户[0:0:0:0:0:0:0:1],在[2024-09-02 15:55:22],访问了[com.nowcoder.community.service.UserService-findUserById]
2024-09-02 15:55:22,539 INFO [http-nio-8080-exec-2] c.n.c.a.ServiceLogAspect [ServiceLogAspect.java:38] 用户[0:0:0:0:0:0:0:1],在[2024-09-02 15:55:22],访问了[com.nowcoder.community.service.UserService-getAuthorities]
2024-09-02 15:55:22,543 INFO [http-nio-8080-exec-2] c.n.c.a.ServiceLogAspect [ServiceLogAspect.java:38] 用户[0:0:0:0:0:0:0:1],在[2024-09-02 15:55:22],访问了[com.nowcoder.community.service.DiscussPostService-findDiscussPost]
2024-09-02 15:55:22,545 INFO [http-nio-8080-exec-2] c.n.c.a.ServiceLogAspect [ServiceLogAspect.java:38] 用户[0:0:0:0:0:0:0:1],在[2024-09-02 15:55:22],访问了[com.nowcoder.community.service.UserService-findUserById]
2024-09-02 15:55:22,546 INFO [http-nio-8080-exec-2] c.n.c.a.ServiceLogAspect [ServiceLogAspect.java:38] 用户[0:0:0:0:0:0:0:1],在[2024-09-02 15:55:22],访问了[com.nowcoder.community.service.LikeService-findEntityLikeCount]
2024-09-02 15:55:22,547 INFO [http-nio-8080-exec-2] c.n.c.a.ServiceLogAspect [ServiceLogAspect.java:38] 用户[0:0:0:0:0:0:0:1],在[2024-09-02 15:55:22],访问了[com.nowcoder.community.service.LikeService-findEntityLikeStatus]
2024-09-02 15:55:22,550 INFO [http-nio-8080-exec-2] c.n.c.a.ServiceLogAspect [ServiceLogAspect.java:38] 用户[0:0:0:0:0:0:0:1],在[2024-09-02 15:55:22],访问了[com.nowcoder.community.service.CommentService-findCommentsByEntity]
2024-09-02 15:55:22,556 INFO [http-nio-8080-exec-2] c.n.c.a.ServiceLogAspect [ServiceLogAspect.java:38] 用户[0:0:0:0:0:0:0:1],在[2024-09-02 15:55:22],访问了[com.nowcoder.community.service.MessageService-findLetterUnreadCount]
2024-09-02 15:55:22,558 INFO [http-nio-8080-exec-2] c.n.c.a.ServiceLogAspect [ServiceLogAspect.java:38] 用户[0:0:0:0:0:0:0:1],在[2024-09-02 15:55:22],访问了[com.nowcoder.community.service.MessageService-findNoticeUnreadCount]
2024-09-02 15:55:22,657 INFO [http-nio-8080-exec-1] c.n.c.a.ServiceLogAspect [ServiceLogAspect.java:38] 用户[0:0:0:0:0:0:0:1],在[2024-09-02 15:55:22],访问了[com.nowcoder.community.service.UserService-findLoginTicket]
2024-09-02 15:55:22,659 INFO [http-nio-8080-exec-1] c.n.c.a.ServiceLogAspect [ServiceLogAspect.java:38] 用户[0:0:0:0:0:0:0:1],在[2024-09-02 15:55:22],访问了[com.nowcoder.community.service.UserService-findUserById]
2024-09-02 15:55:22,660 INFO [http-nio-8080-exec-1] c.n.c.a.ServiceLogAspect [ServiceLogAspect.java:38] 用户[0:0:0:0:0:0:0:1],在[2024-09-02 15:55:22],访问了[com.nowcoder.community.service.UserService-getAuthorities]
2024-09-02 15:55:24,937 INFO [http-nio-8080-exec-3] c.n.c.a.ServiceLogAspect [ServiceLogAspect.java:38] 用户[0:0:0:0:0:0:0:1],在[2024-09-02 15:55:24],访问了[com.nowcoder.community.service.UserService-findLoginTicket]
2024-09-02 15:55:24,939 INFO [http-nio-8080-exec-3] c.n.c.a.ServiceLogAspect [ServiceLogAspect.java:38] 用户[0:0:0:0:0:0:0:1],在[2024-09-02 15:55:24],访问了[com.nowcoder.community.service.UserService-findUserById]
2024-09-02 15:55:24,940 INFO [http-nio-8080-exec-3] c.n.c.a.ServiceLogAspect [ServiceLogAspect.java:38] 用户[0:0:0:0:0:0:0:1],在[2024-09-02 15:55:24],访问了[com.nowcoder.community.service.UserService-getAuthorities]
2024-09-02 15:55:24,942 INFO [http-nio-8080-exec-3] c.n.c.a.ServiceLogAspect [ServiceLogAspect.java:38] 用户[0:0:0:0:0:0:0:1],在[2024-09-02 15:55:24],访问了[com.nowcoder.community.service.DiscussPostService-findDiscussPostRows]
2024-09-02 15:55:24,946 INFO [http-nio-8080-exec-3] c.n.c.a.ServiceLogAspect [ServiceLogAspect.java:38] 用户[0:0:0:0:0:0:0:1],在[2024-09-02 15:55:24],访问了[com.nowcoder.community.service.DiscussPostService-findDiscussPosts]
2024-09-02 15:55:24,950 INFO [http-nio-8080-exec-3] c.n.c.a.ServiceLogAspect [ServiceLogAspect.java:38] 用户[0:0:0:0:0:0:0:1],在[2024-09-02 15:55:24],访问了[com.nowcoder.community.service.UserService-findUserById]
2024-09-02 15:55:24,952 INFO [http-nio-8080-exec-3] c.n.c.a.ServiceLogAspect [ServiceLogAspect.java:38] 用户[0:0:0:0:0:0:0:1],在[2024-09-02 15:55:24],访问了[com.nowcoder.community.service.LikeService-findEntityLikeCount]
2024-09-02 15:55:24,952 INFO [http-nio-8080-exec-3] c.n.c.a.ServiceLogAspect [ServiceLogAspect.java:38] 用户[0:0:0:0:0:0:0:1],在[2024-09-02 15:55:24],访问了[com.nowcoder.community.service.UserService-findUserById]
2024-09-02 15:55:24,953 INFO [http-nio-8080-exec-3] c.n.c.a.ServiceLogAspect [ServiceLogAspect.java:38] 用户[0:0:0:0:0:0:0:1],在[2024-09-02 15:55:24],访问了[com.nowcoder.community.service.LikeService-findEntityLikeCount]
2024-09-02 15:55:24,954 INFO [http-nio-8080-exec-3] c.n.c.a.ServiceLogAspect [ServiceLogAspect.java:38] 用户[0:0:0:0:0:0:0:1],在[2024-09-02 15:55:24],访问了[com.nowcoder.community.service.UserService-findUserById]
2024-09-02 15:55:24,954 INFO [http-nio-8080-exec-3] c.n.c.a.ServiceLogAspect [ServiceLogAspect.java:38] 用户[0:0:0:0:0:0:0:1],在[2024-09-02 15:55:24],访问了[com.nowcoder.community.service.LikeService-findEntityLikeCount]
2024-09-02 15:55:24,955 INFO [http-nio-8080-exec-3] c.n.c.a.ServiceLogAspect [ServiceLogAspect.java:38] 用户[0:0:0:0:0:0:0:1],在[2024-09-02 15:55:24],访问了[com.nowcoder.community.service.UserService-findUserById]
2024-09-02 15:55:24,957 INFO [http-nio-8080-exec-3] c.n.c.a.ServiceLogAspect [ServiceLogAspect.java:38] 用户[0:0:0:0:0:0:0:1],在[2024-09-02 15:55:24],访问了[com.nowcoder.community.service.LikeService-findEntityLikeCount]
2024-09-02 15:55:24,958 INFO [http-nio-8080-exec-3] c.n.c.a.ServiceLogAspect [ServiceLogAspect.java:38] 用户[0:0:0:0:0:0:0:1],在[2024-09-02 15:55:24],访问了[com.nowcoder.community.service.UserService-findUserById]
2024-09-02 15:55:24,960 INFO [http-nio-8080-exec-3] c.n.c.a.ServiceLogAspect [ServiceLogAspect.java:38] 用户[0:0:0:0:0:0:0:1],在[2024-09-02 15:55:24],访问了[com.nowcoder.community.service.LikeService-findEntityLikeCount]
2024-09-02 15:55:24,960 INFO [http-nio-8080-exec-3] c.n.c.a.ServiceLogAspect [ServiceLogAspect.java:38] 用户[0:0:0:0:0:0:0:1],在[2024-09-02 15:55:24],访问了[com.nowcoder.community.service.UserService-findUserById]
2024-09-02 15:55:24,961 INFO [http-nio-8080-exec-3] c.n.c.a.ServiceLogAspect [ServiceLogAspect.java:38] 用户[0:0:0:0:0:0:0:1],在[2024-09-02 15:55:24],访问了[com.nowcoder.community.service.LikeService-findEntityLikeCount]
2024-09-02 15:55:24,962 INFO [http-nio-8080-exec-3] c.n.c.a.ServiceLogAspect [ServiceLogAspect.java:38] 用户[0:0:0:0:0:0:0:1],在[2024-09-02 15:55:24],访问了[com.nowcoder.community.service.UserService-findUserById]
2024-09-02 15:55:24,962 INFO [http-nio-8080-exec-3] c.n.c.a.ServiceLogAspect [ServiceLogAspect.java:38] 用户[0:0:0:0:0:0:0:1],在[2024-09-02 15:55:24],访问了[com.nowcoder.community.service.LikeService-findEntityLikeCount]
2024-09-02 15:55:24,963 INFO [http-nio-8080-exec-3] c.n.c.a.ServiceLogAspect [ServiceLogAspect.java:38] 用户[0:0:0:0:0:0:0:1],在[2024-09-02 15:55:24],访问了[com.nowcoder.community.service.UserService-findUserById]
2024-09-02 15:55:24,964 INFO [http-nio-8080-exec-3] c.n.c.a.ServiceLogAspect [ServiceLogAspect.java:38] 用户[0:0:0:0:0:0:0:1],在[2024-09-02 15:55:24],访问了[com.nowcoder.community.service.LikeService-findEntityLikeCount]
2024-09-02 15:55:24,964 INFO [http-nio-8080-exec-3] c.n.c.a.ServiceLogAspect [ServiceLogAspect.java:38] 用户[0:0:0:0:0:0:0:1],在[2024-09-02 15:55:24],访问了[com.nowcoder.community.service.UserService-findUserById]
2024-09-02 15:55:24,965 INFO [http-nio-8080-exec-3] c.n.c.a.ServiceLogAspect [ServiceLogAspect.java:38] 用户[0:0:0:0:0:0:0:1],在[2024-09-02 15:55:24],访问了[com.nowcoder.community.service.LikeService-findEntityLikeCount]
2024-09-02 15:55:24,965 INFO [http-nio-8080-exec-3] c.n.c.a.ServiceLogAspect [ServiceLogAspect.java:38] 用户[0:0:0:0:0:0:0:1],在[2024-09-02 15:55:24],访问了[com.nowcoder.community.service.UserService-findUserById]
2024-09-02 15:55:24,966 INFO [http-nio-8080-exec-3] c.n.c.a.ServiceLogAspect [ServiceLogAspect.java:38] 用户[0:0:0:0:0:0:0:1],在[2024-09-02 15:55:24],访问了[com.nowcoder.community.service.LikeService-findEntityLikeCount]
2024-09-02 15:55:24,968 INFO [http-nio-8080-exec-3] c.n.c.a.ServiceLogAspect [ServiceLogAspect.java:38] 用户[0:0:0:0:0:0:0:1],在[2024-09-02 15:55:24],访问了[com.nowcoder.community.service.MessageService-findLetterUnreadCount]
2024-09-02 15:55:24,970 INFO [http-nio-8080-exec-3] c.n.c.a.ServiceLogAspect [ServiceLogAspect.java:38] 用户[0:0:0:0:0:0:0:1],在[2024-09-02 15:55:24],访问了[com.nowcoder.community.service.MessageService-findNoticeUnreadCount]
2024-09-02 15:55:25,063 INFO [http-nio-8080-exec-10] c.n.c.a.ServiceLogAspect [ServiceLogAspect.java:38] 用户[0:0:0:0:0:0:0:1],在[2024-09-02 15:55:25],访问了[com.nowcoder.community.service.UserService-findLoginTicket]
2024-09-02 15:55:25,064 INFO [http-nio-8080-exec-10] c.n.c.a.ServiceLogAspect [ServiceLogAspect.java:38] 用户[0:0:0:0:0:0:0:1],在[2024-09-02 15:55:25],访问了[com.nowcoder.community.service.UserService-findUserById]
2024-09-02 15:55:25,066 INFO [http-nio-8080-exec-10] c.n.c.a.ServiceLogAspect [ServiceLogAspect.java:38] 用户[0:0:0:0:0:0:0:1],在[2024-09-02 15:55:25],访问了[com.nowcoder.community.service.UserService-getAuthorities]
2024-09-02 16:05:45,732 INFO [org.springframework.kafka.KafkaListenerEndpointContainer#0-0-C-1] o.a.k.c.c.i.ConsumerCoordinator [ConsumerCoordinator.java:307] [Consumer clientId=consumer-community-consumer-group-1, groupId=community-consumer-group] Revoke previously assigned partitions comment-0, like-0, follow-0
2024-09-02 16:05:45,733 INFO [org.springframework.kafka.KafkaListenerEndpointContainer#0-0-C-1] o.s.k.l.KafkaMessageListenerContainer [LogAccessor.java:292] community-consumer-group: partitions revoked: [comment-0, like-0, follow-0]
2024-09-02 16:05:45,733 INFO [org.springframework.kafka.KafkaListenerEndpointContainer#0-0-C-1] o.a.k.c.c.i.ConsumerCoordinator [AbstractCoordinator.java:1048] [Consumer clientId=consumer-community-consumer-group-1, groupId=community-consumer-group] Member consumer-community-consumer-group-1-cc4a57b2-66e6-4096-a042-a36ad28f8816 sending LeaveGroup request to coordinator LAPTOP-7FRGJ6PK:9092 (id: 2147483647 rack: null) due to the consumer unsubscribed from all topics
2024-09-02 16:05:45,734 INFO [org.springframework.kafka.KafkaListenerEndpointContainer#0-0-C-1] o.a.k.c.c.i.ConsumerCoordinator [AbstractCoordinator.java:966] [Consumer clientId=consumer-community-consumer-group-1, groupId=community-consumer-group] Resetting generation due to: consumer pro-actively leaving the group
2024-09-02 16:05:45,734 INFO [org.springframework.kafka.KafkaListenerEndpointContainer#0-0-C-1] o.a.k.c.c.i.ConsumerCoordinator [AbstractCoordinator.java:988] [Consumer clientId=consumer-community-consumer-group-1, groupId=community-consumer-group] Request joining group due to: consumer pro-actively leaving the group
2024-09-02 16:05:45,734 INFO [org.springframework.kafka.KafkaListenerEndpointContainer#0-0-C-1] o.a.k.c.c.KafkaConsumer [KafkaConsumer.java:1075] [Consumer clientId=consumer-community-consumer-group-1, groupId=community-consumer-group] Unsubscribed all topics or patterns and assigned partitions
2024-09-02 16:05:45,734 INFO [org.springframework.kafka.KafkaListenerEndpointContainer#0-0-C-1] o.a.k.c.c.i.ConsumerCoordinator [AbstractCoordinator.java:966] [Consumer clientId=consumer-community-consumer-group-1, groupId=community-consumer-group] Resetting generation due to: consumer pro-actively leaving the group
2024-09-02 16:05:45,734 INFO [org.springframework.kafka.KafkaListenerEndpointContainer#0-0-C-1] o.a.k.c.c.i.ConsumerCoordinator [AbstractCoordinator.java:988] [Consumer clientId=consumer-community-consumer-group-1, groupId=community-consumer-group] Request joining group due to: consumer pro-actively leaving the group
2024-09-02 16:05:45,744 INFO [org.springframework.kafka.KafkaListenerEndpointContainer#0-0-C-1] o.a.k.c.m.Metrics [Metrics.java:659] Metrics scheduler closed
2024-09-02 16:05:45,744 INFO [org.springframework.kafka.KafkaListenerEndpointContainer#0-0-C-1] o.a.k.c.m.Metrics [Metrics.java:663] Closing reporter org.apache.kafka.common.metrics.JmxReporter
2024-09-02 16:05:45,744 INFO [org.springframework.kafka.KafkaListenerEndpointContainer#0-0-C-1] o.a.k.c.m.Metrics [Metrics.java:669] Metrics reporters closed
2024-09-02 16:05:45,748 INFO [org.springframework.kafka.KafkaListenerEndpointContainer#0-0-C-1] o.a.k.c.u.AppInfoParser [AppInfoParser.java:83] App info kafka.consumer for consumer-community-consumer-group-1 unregistered
2024-09-02 16:05:45,749 INFO [org.springframework.kafka.KafkaListenerEndpointContainer#0-0-C-1] o.s.k.l.KafkaMessageListenerContainer [LogAccessor.java:292] community-consumer-group: Consumer stopped
2024-09-02 16:05:45,878 INFO [SpringApplicationShutdownHook] c.z.h.HikariDataSource [HikariDataSource.java:350] HikariPool-1 - Shutdown initiated...
2024-09-02 16:05:45,885 INFO [SpringApplicationShutdownHook] c.z.h.HikariDataSource [HikariDataSource.java:352] HikariPool-1 - Shutdown completed.
