2024-08-26 13:27:03,011 INFO [restartedMain] c.n.c.CommunityApplication [StartupInfoLogger.java:55] Starting CommunityApplication using Java 17.0.6 on LAPTOP-7FRGJ6PK with PID 55432 (D:\schoolworkclass\community\target\classes started by paul in D:\schoolworkclass\community)
2024-08-26 13:27:03,015 INFO [restartedMain] c.n.c.CommunityApplication [SpringApplication.java:635] No active profile set, falling back to default profiles: default
2024-08-26 13:27:03,071 INFO [restartedMain] o.s.b.d.e.DevToolsPropertyDefaultsPostProcessor [DeferredLog.java:255] Devtools property defaults active! Set 'spring.devtools.add-properties' to 'false' to disable
2024-08-26 13:27:03,072 INFO [restartedMain] o.s.b.d.e.DevToolsPropertyDefaultsPostProcessor [DeferredLog.java:255] For additional web related logging consider setting the 'logging.level.web' property to 'DEBUG'
2024-08-26 13:27:04,888 INFO [restartedMain] o.s.b.w.e.t.TomcatWebServer [TomcatWebServer.java:108] Tomcat initialized with port(s): 8080 (http)
2024-08-26 13:27:04,902 INFO [restartedMain] o.a.c.h.Http11NioProtocol [DirectJDKLog.java:173] Initializing ProtocolHandler ["http-nio-8080"]
2024-08-26 13:27:04,902 INFO [restartedMain] o.a.c.c.StandardService [DirectJDKLog.java:173] Starting service [Tomcat]
2024-08-26 13:27:04,902 INFO [restartedMain] o.a.c.c.StandardEngine [DirectJDKLog.java:173] Starting Servlet engine: [Apache Tomcat/9.0.55]
2024-08-26 13:27:04,973 INFO [restartedMain] o.a.c.c.C.[.[.[/community] [DirectJDKLog.java:173] Initializing Spring embedded WebApplicationContext
2024-08-26 13:27:04,974 INFO [restartedMain] o.s.b.w.s.c.ServletWebServerApplicationContext [ServletWebServerApplicationContext.java:290] Root WebApplicationContext: initialization completed in 1902 ms
2024-08-26 13:27:05,904 INFO [restartedMain] o.s.b.a.w.s.WelcomePageHandlerMapping [WelcomePageHandlerMapping.java:57] Adding welcome page template: index
2024-08-26 13:27:06,110 INFO [restartedMain] o.s.b.d.a.OptionalLiveReloadServer [OptionalLiveReloadServer.java:58] LiveReload server is running on port 35729
2024-08-26 13:27:06,128 INFO [restartedMain] o.a.c.h.Http11NioProtocol [DirectJDKLog.java:173] Starting ProtocolHandler ["http-nio-8080"]
2024-08-26 13:27:06,165 INFO [restartedMain] o.s.b.w.e.t.TomcatWebServer [TomcatWebServer.java:220] Tomcat started on port(s): 8080 (http) with context path '/community'
2024-08-26 13:27:06,172 INFO [restartedMain] c.n.c.CommunityApplication [StartupInfoLogger.java:61] Started CommunityApplication in 3.586 seconds (JVM running for 4.132)
2024-08-26 13:27:08,014 INFO [http-nio-8080-exec-1] o.a.c.c.C.[.[.[/community] [DirectJDKLog.java:173] Initializing Spring DispatcherServlet 'dispatcherServlet'
2024-08-26 13:27:08,015 INFO [http-nio-8080-exec-1] o.s.w.s.DispatcherServlet [FrameworkServlet.java:525] Initializing Servlet 'dispatcherServlet'
2024-08-26 13:27:08,016 INFO [http-nio-8080-exec-1] o.s.w.s.DispatcherServlet [FrameworkServlet.java:547] Completed initialization in 1 ms
2024-08-26 13:27:08,078 INFO [http-nio-8080-exec-1] c.z.h.HikariDataSource [HikariDataSource.java:110] HikariPool-1 - Starting...
2024-08-26 13:27:08,197 INFO [http-nio-8080-exec-1] c.z.h.HikariDataSource [HikariDataSource.java:123] HikariPool-1 - Start completed.
2024-08-26 13:28:01,412 INFO [Thread-5] c.z.h.HikariDataSource [HikariDataSource.java:350] HikariPool-1 - Shutdown initiated...
2024-08-26 13:28:01,417 INFO [Thread-5] c.z.h.HikariDataSource [HikariDataSource.java:352] HikariPool-1 - Shutdown completed.
2024-08-26 13:28:01,463 INFO [restartedMain] c.n.c.CommunityApplication [StartupInfoLogger.java:55] Starting CommunityApplication using Java 17.0.6 on LAPTOP-7FRGJ6PK with PID 55432 (D:\schoolworkclass\community\target\classes started by paul in D:\schoolworkclass\community)
2024-08-26 13:28:01,464 INFO [restartedMain] c.n.c.CommunityApplication [SpringApplication.java:635] No active profile set, falling back to default profiles: default
2024-08-26 13:28:01,584 INFO [restartedMain] o.s.b.w.e.t.TomcatWebServer [TomcatWebServer.java:108] Tomcat initialized with port(s): 8080 (http)
2024-08-26 13:28:01,585 INFO [restartedMain] o.a.c.h.Http11NioProtocol [DirectJDKLog.java:173] Initializing ProtocolHandler ["http-nio-8080"]
2024-08-26 13:28:01,585 INFO [restartedMain] o.a.c.c.StandardService [DirectJDKLog.java:173] Starting service [Tomcat]
2024-08-26 13:28:01,585 INFO [restartedMain] o.a.c.c.StandardEngine [DirectJDKLog.java:173] Starting Servlet engine: [Apache Tomcat/9.0.55]
2024-08-26 13:28:01,594 INFO [restartedMain] o.a.c.c.C.[.[.[/community] [DirectJDKLog.java:173] Initializing Spring embedded WebApplicationContext
2024-08-26 13:28:01,594 INFO [restartedMain] o.s.b.w.s.c.ServletWebServerApplicationContext [ServletWebServerApplicationContext.java:290] Root WebApplicationContext: initialization completed in 129 ms
2024-08-26 13:28:01,687 INFO [restartedMain] o.s.b.a.w.s.WelcomePageHandlerMapping [WelcomePageHandlerMapping.java:57] Adding welcome page template: index
2024-08-26 13:28:01,707 INFO [restartedMain] o.s.b.d.a.OptionalLiveReloadServer [OptionalLiveReloadServer.java:58] LiveReload server is running on port 35729
2024-08-26 13:28:01,712 INFO [restartedMain] o.a.c.h.Http11NioProtocol [DirectJDKLog.java:173] Starting ProtocolHandler ["http-nio-8080"]
2024-08-26 13:28:01,715 INFO [restartedMain] o.s.b.w.e.t.TomcatWebServer [TomcatWebServer.java:220] Tomcat started on port(s): 8080 (http) with context path '/community'
2024-08-26 13:28:01,717 INFO [restartedMain] c.n.c.CommunityApplication [StartupInfoLogger.java:61] Started CommunityApplication in 0.272 seconds (JVM running for 59.676)
2024-08-26 13:28:01,718 INFO [restartedMain] o.s.b.d.a.ConditionEvaluationDeltaLoggingListener [ConditionEvaluationDeltaLoggingListener.java:63] Condition evaluation unchanged
2024-08-26 13:28:03,186 INFO [restartedMain] c.n.c.CommunityApplication [StartupInfoLogger.java:55] Starting CommunityApplication using Java 17.0.6 on LAPTOP-7FRGJ6PK with PID 55432 (D:\schoolworkclass\community\target\classes started by paul in D:\schoolworkclass\community)
2024-08-26 13:28:03,186 INFO [restartedMain] c.n.c.CommunityApplication [SpringApplication.java:635] No active profile set, falling back to default profiles: default
2024-08-26 13:28:03,282 INFO [restartedMain] o.s.b.w.e.t.TomcatWebServer [TomcatWebServer.java:108] Tomcat initialized with port(s): 8080 (http)
2024-08-26 13:28:03,282 INFO [restartedMain] o.a.c.h.Http11NioProtocol [DirectJDKLog.java:173] Initializing ProtocolHandler ["http-nio-8080"]
2024-08-26 13:28:03,282 INFO [restartedMain] o.a.c.c.StandardService [DirectJDKLog.java:173] Starting service [Tomcat]
2024-08-26 13:28:03,283 INFO [restartedMain] o.a.c.c.StandardEngine [DirectJDKLog.java:173] Starting Servlet engine: [Apache Tomcat/9.0.55]
2024-08-26 13:28:03,290 INFO [restartedMain] o.a.c.c.C.[.[.[/community] [DirectJDKLog.java:173] Initializing Spring embedded WebApplicationContext
2024-08-26 13:28:03,290 INFO [restartedMain] o.s.b.w.s.c.ServletWebServerApplicationContext [ServletWebServerApplicationContext.java:290] Root WebApplicationContext: initialization completed in 103 ms
2024-08-26 13:28:03,367 INFO [restartedMain] o.s.b.a.w.s.WelcomePageHandlerMapping [WelcomePageHandlerMapping.java:57] Adding welcome page template: index
2024-08-26 13:28:03,385 INFO [restartedMain] o.s.b.d.a.OptionalLiveReloadServer [OptionalLiveReloadServer.java:58] LiveReload server is running on port 35729
2024-08-26 13:28:03,389 INFO [restartedMain] o.a.c.h.Http11NioProtocol [DirectJDKLog.java:173] Starting ProtocolHandler ["http-nio-8080"]
2024-08-26 13:28:03,393 INFO [restartedMain] o.s.b.w.e.t.TomcatWebServer [TomcatWebServer.java:220] Tomcat started on port(s): 8080 (http) with context path '/community'
2024-08-26 13:28:03,395 INFO [restartedMain] c.n.c.CommunityApplication [StartupInfoLogger.java:61] Started CommunityApplication in 0.226 seconds (JVM running for 61.355)
2024-08-26 13:28:03,396 INFO [restartedMain] o.s.b.d.a.ConditionEvaluationDeltaLoggingListener [ConditionEvaluationDeltaLoggingListener.java:63] Condition evaluation unchanged
2024-08-26 13:28:48,574 INFO [restartedMain] c.n.c.CommunityApplication [StartupInfoLogger.java:55] Starting CommunityApplication using Java 17.0.6 on LAPTOP-7FRGJ6PK with PID 55432 (D:\schoolworkclass\community\target\classes started by paul in D:\schoolworkclass\community)
2024-08-26 13:28:48,574 INFO [restartedMain] c.n.c.CommunityApplication [SpringApplication.java:635] No active profile set, falling back to default profiles: default
2024-08-26 13:28:48,666 INFO [restartedMain] o.s.b.w.e.t.TomcatWebServer [TomcatWebServer.java:108] Tomcat initialized with port(s): 8080 (http)
2024-08-26 13:28:48,666 INFO [restartedMain] o.a.c.h.Http11NioProtocol [DirectJDKLog.java:173] Initializing ProtocolHandler ["http-nio-8080"]
2024-08-26 13:28:48,666 INFO [restartedMain] o.a.c.c.StandardService [DirectJDKLog.java:173] Starting service [Tomcat]
2024-08-26 13:28:48,666 INFO [restartedMain] o.a.c.c.StandardEngine [DirectJDKLog.java:173] Starting Servlet engine: [Apache Tomcat/9.0.55]
2024-08-26 13:28:48,674 INFO [restartedMain] o.a.c.c.C.[.[.[/community] [DirectJDKLog.java:173] Initializing Spring embedded WebApplicationContext
2024-08-26 13:28:48,674 INFO [restartedMain] o.s.b.w.s.c.ServletWebServerApplicationContext [ServletWebServerApplicationContext.java:290] Root WebApplicationContext: initialization completed in 99 ms
2024-08-26 13:28:48,748 INFO [restartedMain] o.s.b.a.w.s.WelcomePageHandlerMapping [WelcomePageHandlerMapping.java:57] Adding welcome page template: index
2024-08-26 13:28:48,764 INFO [restartedMain] o.s.b.d.a.OptionalLiveReloadServer [OptionalLiveReloadServer.java:58] LiveReload server is running on port 35729
2024-08-26 13:28:48,767 INFO [restartedMain] o.a.c.h.Http11NioProtocol [DirectJDKLog.java:173] Starting ProtocolHandler ["http-nio-8080"]
2024-08-26 13:28:48,771 INFO [restartedMain] o.s.b.w.e.t.TomcatWebServer [TomcatWebServer.java:220] Tomcat started on port(s): 8080 (http) with context path '/community'
2024-08-26 13:28:48,773 INFO [restartedMain] c.n.c.CommunityApplication [StartupInfoLogger.java:61] Started CommunityApplication in 0.216 seconds (JVM running for 106.732)
2024-08-26 13:28:48,774 INFO [restartedMain] o.s.b.d.a.ConditionEvaluationDeltaLoggingListener [ConditionEvaluationDeltaLoggingListener.java:63] Condition evaluation unchanged
2024-08-26 13:29:22,842 INFO [restartedMain] c.n.c.CommunityApplication [StartupInfoLogger.java:55] Starting CommunityApplication using Java 17.0.6 on LAPTOP-7FRGJ6PK with PID 55432 (D:\schoolworkclass\community\target\classes started by paul in D:\schoolworkclass\community)
2024-08-26 13:29:22,842 INFO [restartedMain] c.n.c.CommunityApplication [SpringApplication.java:635] No active profile set, falling back to default profiles: default
2024-08-26 13:29:22,928 INFO [restartedMain] o.s.b.w.e.t.TomcatWebServer [TomcatWebServer.java:108] Tomcat initialized with port(s): 8080 (http)
2024-08-26 13:29:22,929 INFO [restartedMain] o.a.c.h.Http11NioProtocol [DirectJDKLog.java:173] Initializing ProtocolHandler ["http-nio-8080"]
2024-08-26 13:29:22,929 INFO [restartedMain] o.a.c.c.StandardService [DirectJDKLog.java:173] Starting service [Tomcat]
2024-08-26 13:29:22,929 INFO [restartedMain] o.a.c.c.StandardEngine [DirectJDKLog.java:173] Starting Servlet engine: [Apache Tomcat/9.0.55]
2024-08-26 13:29:22,936 INFO [restartedMain] o.a.c.c.C.[.[.[/community] [DirectJDKLog.java:173] Initializing Spring embedded WebApplicationContext
2024-08-26 13:29:22,936 INFO [restartedMain] o.s.b.w.s.c.ServletWebServerApplicationContext [ServletWebServerApplicationContext.java:290] Root WebApplicationContext: initialization completed in 93 ms
2024-08-26 13:29:23,010 INFO [restartedMain] o.s.b.a.w.s.WelcomePageHandlerMapping [WelcomePageHandlerMapping.java:57] Adding welcome page template: index
2024-08-26 13:29:23,026 INFO [restartedMain] o.s.b.d.a.OptionalLiveReloadServer [OptionalLiveReloadServer.java:58] LiveReload server is running on port 35729
2024-08-26 13:29:23,031 INFO [restartedMain] o.a.c.h.Http11NioProtocol [DirectJDKLog.java:173] Starting ProtocolHandler ["http-nio-8080"]
2024-08-26 13:29:23,034 INFO [restartedMain] o.s.b.w.e.t.TomcatWebServer [TomcatWebServer.java:220] Tomcat started on port(s): 8080 (http) with context path '/community'
2024-08-26 13:29:23,037 INFO [restartedMain] c.n.c.CommunityApplication [StartupInfoLogger.java:61] Started CommunityApplication in 0.209 seconds (JVM running for 140.996)
2024-08-26 13:29:23,038 INFO [restartedMain] o.s.b.d.a.ConditionEvaluationDeltaLoggingListener [ConditionEvaluationDeltaLoggingListener.java:63] Condition evaluation unchanged
2024-08-26 13:30:33,702 INFO [restartedMain] c.n.c.CommunityApplication [StartupInfoLogger.java:55] Starting CommunityApplication using Java 17.0.6 on LAPTOP-7FRGJ6PK with PID 55432 (D:\schoolworkclass\community\target\classes started by paul in D:\schoolworkclass\community)
2024-08-26 13:30:33,703 INFO [restartedMain] c.n.c.CommunityApplication [SpringApplication.java:635] No active profile set, falling back to default profiles: default
2024-08-26 13:30:33,905 INFO [restartedMain] o.s.b.w.e.t.TomcatWebServer [TomcatWebServer.java:108] Tomcat initialized with port(s): 8080 (http)
2024-08-26 13:30:33,906 INFO [restartedMain] o.a.c.h.Http11NioProtocol [DirectJDKLog.java:173] Initializing ProtocolHandler ["http-nio-8080"]
2024-08-26 13:30:33,906 INFO [restartedMain] o.a.c.c.StandardService [DirectJDKLog.java:173] Starting service [Tomcat]
2024-08-26 13:30:33,906 INFO [restartedMain] o.a.c.c.StandardEngine [DirectJDKLog.java:173] Starting Servlet engine: [Apache Tomcat/9.0.55]
2024-08-26 13:30:33,915 INFO [restartedMain] o.a.c.c.C.[.[.[/community] [DirectJDKLog.java:173] Initializing Spring embedded WebApplicationContext
2024-08-26 13:30:33,915 INFO [restartedMain] o.s.b.w.s.c.ServletWebServerApplicationContext [ServletWebServerApplicationContext.java:290] Root WebApplicationContext: initialization completed in 209 ms
2024-08-26 13:30:34,085 INFO [restartedMain] o.s.b.a.w.s.WelcomePageHandlerMapping [WelcomePageHandlerMapping.java:57] Adding welcome page template: index
2024-08-26 13:30:34,130 INFO [restartedMain] o.s.b.d.a.OptionalLiveReloadServer [OptionalLiveReloadServer.java:58] LiveReload server is running on port 35729
2024-08-26 13:30:34,134 INFO [restartedMain] o.a.c.h.Http11NioProtocol [DirectJDKLog.java:173] Starting ProtocolHandler ["http-nio-8080"]
2024-08-26 13:30:34,137 INFO [restartedMain] o.s.b.w.e.t.TomcatWebServer [TomcatWebServer.java:220] Tomcat started on port(s): 8080 (http) with context path '/community'
2024-08-26 13:30:34,139 INFO [restartedMain] c.n.c.CommunityApplication [StartupInfoLogger.java:61] Started CommunityApplication in 0.486 seconds (JVM running for 212.098)
2024-08-26 13:30:34,140 INFO [restartedMain] o.s.b.d.a.ConditionEvaluationDeltaLoggingListener [ConditionEvaluationDeltaLoggingListener.java:63] Condition evaluation unchanged
2024-08-26 13:30:48,842 INFO [restartedMain] c.n.c.CommunityApplication [StartupInfoLogger.java:55] Starting CommunityApplication using Java 17.0.6 on LAPTOP-7FRGJ6PK with PID 55432 (D:\schoolworkclass\community\target\classes started by paul in D:\schoolworkclass\community)
2024-08-26 13:30:48,843 INFO [restartedMain] c.n.c.CommunityApplication [SpringApplication.java:635] No active profile set, falling back to default profiles: default
2024-08-26 13:30:48,932 INFO [restartedMain] o.s.b.w.e.t.TomcatWebServer [TomcatWebServer.java:108] Tomcat initialized with port(s): 8080 (http)
2024-08-26 13:30:48,932 INFO [restartedMain] o.a.c.h.Http11NioProtocol [DirectJDKLog.java:173] Initializing ProtocolHandler ["http-nio-8080"]
2024-08-26 13:30:48,932 INFO [restartedMain] o.a.c.c.StandardService [DirectJDKLog.java:173] Starting service [Tomcat]
2024-08-26 13:30:48,932 INFO [restartedMain] o.a.c.c.StandardEngine [DirectJDKLog.java:173] Starting Servlet engine: [Apache Tomcat/9.0.55]
2024-08-26 13:30:48,940 INFO [restartedMain] o.a.c.c.C.[.[.[/community] [DirectJDKLog.java:173] Initializing Spring embedded WebApplicationContext
2024-08-26 13:30:48,940 INFO [restartedMain] o.s.b.w.s.c.ServletWebServerApplicationContext [ServletWebServerApplicationContext.java:290] Root WebApplicationContext: initialization completed in 97 ms
2024-08-26 13:30:49,008 INFO [restartedMain] o.s.b.a.w.s.WelcomePageHandlerMapping [WelcomePageHandlerMapping.java:57] Adding welcome page template: index
2024-08-26 13:30:49,045 INFO [restartedMain] o.s.b.d.a.OptionalLiveReloadServer [OptionalLiveReloadServer.java:58] LiveReload server is running on port 35729
2024-08-26 13:30:49,053 INFO [restartedMain] o.a.c.h.Http11NioProtocol [DirectJDKLog.java:173] Starting ProtocolHandler ["http-nio-8080"]
2024-08-26 13:30:49,058 INFO [restartedMain] o.s.b.w.e.t.TomcatWebServer [TomcatWebServer.java:220] Tomcat started on port(s): 8080 (http) with context path '/community'
2024-08-26 13:30:49,060 INFO [restartedMain] c.n.c.CommunityApplication [StartupInfoLogger.java:61] Started CommunityApplication in 0.232 seconds (JVM running for 227.02)
2024-08-26 13:30:49,061 INFO [restartedMain] o.s.b.d.a.ConditionEvaluationDeltaLoggingListener [ConditionEvaluationDeltaLoggingListener.java:63] Condition evaluation unchanged
2024-08-26 13:35:01,441 INFO [restartedMain] c.n.c.CommunityApplication [StartupInfoLogger.java:55] Starting CommunityApplication using Java 17.0.6 on LAPTOP-7FRGJ6PK with PID 54892 (D:\schoolworkclass\community\target\classes started by paul in D:\schoolworkclass\community)
2024-08-26 13:35:01,443 INFO [restartedMain] c.n.c.CommunityApplication [SpringApplication.java:635] No active profile set, falling back to default profiles: default
2024-08-26 13:35:01,488 INFO [restartedMain] o.s.b.d.e.DevToolsPropertyDefaultsPostProcessor [DeferredLog.java:255] Devtools property defaults active! Set 'spring.devtools.add-properties' to 'false' to disable
2024-08-26 13:35:01,488 INFO [restartedMain] o.s.b.d.e.DevToolsPropertyDefaultsPostProcessor [DeferredLog.java:255] For additional web related logging consider setting the 'logging.level.web' property to 'DEBUG'
2024-08-26 13:35:02,442 INFO [restartedMain] o.s.b.w.e.t.TomcatWebServer [TomcatWebServer.java:108] Tomcat initialized with port(s): 8080 (http)
2024-08-26 13:35:02,448 INFO [restartedMain] o.a.c.h.Http11NioProtocol [DirectJDKLog.java:173] Initializing ProtocolHandler ["http-nio-8080"]
2024-08-26 13:35:02,449 INFO [restartedMain] o.a.c.c.StandardService [DirectJDKLog.java:173] Starting service [Tomcat]
2024-08-26 13:35:02,449 INFO [restartedMain] o.a.c.c.StandardEngine [DirectJDKLog.java:173] Starting Servlet engine: [Apache Tomcat/9.0.55]
2024-08-26 13:35:02,493 INFO [restartedMain] o.a.c.c.C.[.[.[/community] [DirectJDKLog.java:173] Initializing Spring embedded WebApplicationContext
2024-08-26 13:35:02,493 INFO [restartedMain] o.s.b.w.s.c.ServletWebServerApplicationContext [ServletWebServerApplicationContext.java:290] Root WebApplicationContext: initialization completed in 1004 ms
2024-08-26 13:35:02,996 INFO [restartedMain] o.s.b.a.w.s.WelcomePageHandlerMapping [WelcomePageHandlerMapping.java:57] Adding welcome page template: index
2024-08-26 13:35:03,129 INFO [restartedMain] o.s.b.d.a.OptionalLiveReloadServer [OptionalLiveReloadServer.java:58] LiveReload server is running on port 35729
2024-08-26 13:35:03,145 INFO [restartedMain] o.a.c.h.Http11NioProtocol [DirectJDKLog.java:173] Starting ProtocolHandler ["http-nio-8080"]
2024-08-26 13:35:03,186 INFO [restartedMain] o.s.b.w.e.t.TomcatWebServer [TomcatWebServer.java:220] Tomcat started on port(s): 8080 (http) with context path '/community'
2024-08-26 13:35:03,194 INFO [restartedMain] c.n.c.CommunityApplication [StartupInfoLogger.java:61] Started CommunityApplication in 2.107 seconds (JVM running for 2.552)
2024-08-26 13:35:14,671 INFO [http-nio-8080-exec-1] o.a.c.c.C.[.[.[/community] [DirectJDKLog.java:173] Initializing Spring DispatcherServlet 'dispatcherServlet'
2024-08-26 13:35:14,671 INFO [http-nio-8080-exec-1] o.s.w.s.DispatcherServlet [FrameworkServlet.java:525] Initializing Servlet 'dispatcherServlet'
2024-08-26 13:35:14,672 INFO [http-nio-8080-exec-1] o.s.w.s.DispatcherServlet [FrameworkServlet.java:547] Completed initialization in 1 ms
2024-08-26 13:35:14,725 INFO [http-nio-8080-exec-1] c.n.c.a.ServiceLogAspect [ServiceLogAspect.java:35] 用户[0:0:0:0:0:0:0:1],在[2024-08-26 13:35:14],访问了[com.nowcoder.community.service.DiscussPostService-findDiscussPostRows]
2024-08-26 13:35:14,749 INFO [http-nio-8080-exec-1] c.z.h.HikariDataSource [HikariDataSource.java:110] HikariPool-1 - Starting...
2024-08-26 13:35:14,850 INFO [http-nio-8080-exec-1] c.z.h.HikariDataSource [HikariDataSource.java:123] HikariPool-1 - Start completed.
2024-08-26 13:35:14,893 INFO [http-nio-8080-exec-1] c.n.c.a.ServiceLogAspect [ServiceLogAspect.java:35] 用户[0:0:0:0:0:0:0:1],在[2024-08-26 13:35:14],访问了[com.nowcoder.community.service.DiscussPostService-findDiscussPosts]
2024-08-26 13:35:14,904 INFO [http-nio-8080-exec-1] c.n.c.a.ServiceLogAspect [ServiceLogAspect.java:35] 用户[0:0:0:0:0:0:0:1],在[2024-08-26 13:35:14],访问了[com.nowcoder.community.service.UserService-findUserById]
2024-08-26 13:35:14,909 INFO [http-nio-8080-exec-1] c.n.c.a.ServiceLogAspect [ServiceLogAspect.java:35] 用户[0:0:0:0:0:0:0:1],在[2024-08-26 13:35:14],访问了[com.nowcoder.community.service.UserService-findUserById]
2024-08-26 13:35:14,912 INFO [http-nio-8080-exec-1] c.n.c.a.ServiceLogAspect [ServiceLogAspect.java:35] 用户[0:0:0:0:0:0:0:1],在[2024-08-26 13:35:14],访问了[com.nowcoder.community.service.UserService-findUserById]
2024-08-26 13:35:14,913 INFO [http-nio-8080-exec-1] c.n.c.a.ServiceLogAspect [ServiceLogAspect.java:35] 用户[0:0:0:0:0:0:0:1],在[2024-08-26 13:35:14],访问了[com.nowcoder.community.service.UserService-findUserById]
2024-08-26 13:35:14,915 INFO [http-nio-8080-exec-1] c.n.c.a.ServiceLogAspect [ServiceLogAspect.java:35] 用户[0:0:0:0:0:0:0:1],在[2024-08-26 13:35:14],访问了[com.nowcoder.community.service.UserService-findUserById]
2024-08-26 13:35:14,916 INFO [http-nio-8080-exec-1] c.n.c.a.ServiceLogAspect [ServiceLogAspect.java:35] 用户[0:0:0:0:0:0:0:1],在[2024-08-26 13:35:14],访问了[com.nowcoder.community.service.UserService-findUserById]
2024-08-26 13:35:14,918 INFO [http-nio-8080-exec-1] c.n.c.a.ServiceLogAspect [ServiceLogAspect.java:35] 用户[0:0:0:0:0:0:0:1],在[2024-08-26 13:35:14],访问了[com.nowcoder.community.service.UserService-findUserById]
2024-08-26 13:35:14,920 INFO [http-nio-8080-exec-1] c.n.c.a.ServiceLogAspect [ServiceLogAspect.java:35] 用户[0:0:0:0:0:0:0:1],在[2024-08-26 13:35:14],访问了[com.nowcoder.community.service.UserService-findUserById]
2024-08-26 13:35:14,921 INFO [http-nio-8080-exec-1] c.n.c.a.ServiceLogAspect [ServiceLogAspect.java:35] 用户[0:0:0:0:0:0:0:1],在[2024-08-26 13:35:14],访问了[com.nowcoder.community.service.UserService-findUserById]
2024-08-26 13:35:14,922 INFO [http-nio-8080-exec-1] c.n.c.a.ServiceLogAspect [ServiceLogAspect.java:35] 用户[0:0:0:0:0:0:0:1],在[2024-08-26 13:35:14],访问了[com.nowcoder.community.service.UserService-findUserById]
2024-08-26 13:36:52,373 INFO [http-nio-8080-exec-1] c.n.c.a.ServiceLogAspect [ServiceLogAspect.java:35] 用户[127.0.0.1],在[2024-08-26 13:36:52],访问了[com.nowcoder.community.service.DiscussPostService-findDiscussPostRows]
2024-08-26 13:36:52,376 INFO [http-nio-8080-exec-1] c.n.c.a.ServiceLogAspect [ServiceLogAspect.java:35] 用户[127.0.0.1],在[2024-08-26 13:36:52],访问了[com.nowcoder.community.service.DiscussPostService-findDiscussPosts]
2024-08-26 13:36:52,382 INFO [http-nio-8080-exec-1] c.n.c.a.ServiceLogAspect [ServiceLogAspect.java:35] 用户[127.0.0.1],在[2024-08-26 13:36:52],访问了[com.nowcoder.community.service.UserService-findUserById]
2024-08-26 13:36:52,385 INFO [http-nio-8080-exec-1] c.n.c.a.ServiceLogAspect [ServiceLogAspect.java:35] 用户[127.0.0.1],在[2024-08-26 13:36:52],访问了[com.nowcoder.community.service.UserService-findUserById]
2024-08-26 13:36:52,388 INFO [http-nio-8080-exec-1] c.n.c.a.ServiceLogAspect [ServiceLogAspect.java:35] 用户[127.0.0.1],在[2024-08-26 13:36:52],访问了[com.nowcoder.community.service.UserService-findUserById]
2024-08-26 13:36:52,390 INFO [http-nio-8080-exec-1] c.n.c.a.ServiceLogAspect [ServiceLogAspect.java:35] 用户[127.0.0.1],在[2024-08-26 13:36:52],访问了[com.nowcoder.community.service.UserService-findUserById]
2024-08-26 13:36:52,392 INFO [http-nio-8080-exec-1] c.n.c.a.ServiceLogAspect [ServiceLogAspect.java:35] 用户[127.0.0.1],在[2024-08-26 13:36:52],访问了[com.nowcoder.community.service.UserService-findUserById]
2024-08-26 13:36:52,394 INFO [http-nio-8080-exec-1] c.n.c.a.ServiceLogAspect [ServiceLogAspect.java:35] 用户[127.0.0.1],在[2024-08-26 13:36:52],访问了[com.nowcoder.community.service.UserService-findUserById]
2024-08-26 13:36:52,396 INFO [http-nio-8080-exec-1] c.n.c.a.ServiceLogAspect [ServiceLogAspect.java:35] 用户[127.0.0.1],在[2024-08-26 13:36:52],访问了[com.nowcoder.community.service.UserService-findUserById]
2024-08-26 13:36:52,397 INFO [http-nio-8080-exec-1] c.n.c.a.ServiceLogAspect [ServiceLogAspect.java:35] 用户[127.0.0.1],在[2024-08-26 13:36:52],访问了[com.nowcoder.community.service.UserService-findUserById]
2024-08-26 13:36:52,399 INFO [http-nio-8080-exec-1] c.n.c.a.ServiceLogAspect [ServiceLogAspect.java:35] 用户[127.0.0.1],在[2024-08-26 13:36:52],访问了[com.nowcoder.community.service.UserService-findUserById]
2024-08-26 13:36:52,400 INFO [http-nio-8080-exec-1] c.n.c.a.ServiceLogAspect [ServiceLogAspect.java:35] 用户[127.0.0.1],在[2024-08-26 13:36:52],访问了[com.nowcoder.community.service.UserService-findUserById]
2024-08-26 13:37:08,277 INFO [http-nio-8080-exec-9] c.n.c.a.ServiceLogAspect [ServiceLogAspect.java:35] 用户[127.0.0.1],在[2024-08-26 13:37:08],访问了[com.nowcoder.community.service.DiscussPostService-findDiscussPostRows]
2024-08-26 13:37:08,280 INFO [http-nio-8080-exec-9] c.n.c.a.ServiceLogAspect [ServiceLogAspect.java:35] 用户[127.0.0.1],在[2024-08-26 13:37:08],访问了[com.nowcoder.community.service.DiscussPostService-findDiscussPosts]
2024-08-26 13:37:08,282 INFO [http-nio-8080-exec-9] c.n.c.a.ServiceLogAspect [ServiceLogAspect.java:35] 用户[127.0.0.1],在[2024-08-26 13:37:08],访问了[com.nowcoder.community.service.UserService-findUserById]
2024-08-26 13:37:08,283 INFO [http-nio-8080-exec-9] c.n.c.a.ServiceLogAspect [ServiceLogAspect.java:35] 用户[127.0.0.1],在[2024-08-26 13:37:08],访问了[com.nowcoder.community.service.UserService-findUserById]
2024-08-26 13:37:08,285 INFO [http-nio-8080-exec-9] c.n.c.a.ServiceLogAspect [ServiceLogAspect.java:35] 用户[127.0.0.1],在[2024-08-26 13:37:08],访问了[com.nowcoder.community.service.UserService-findUserById]
2024-08-26 13:37:08,286 INFO [http-nio-8080-exec-9] c.n.c.a.ServiceLogAspect [ServiceLogAspect.java:35] 用户[127.0.0.1],在[2024-08-26 13:37:08],访问了[com.nowcoder.community.service.UserService-findUserById]
2024-08-26 13:37:08,287 INFO [http-nio-8080-exec-9] c.n.c.a.ServiceLogAspect [ServiceLogAspect.java:35] 用户[127.0.0.1],在[2024-08-26 13:37:08],访问了[com.nowcoder.community.service.UserService-findUserById]
2024-08-26 13:37:08,289 INFO [http-nio-8080-exec-9] c.n.c.a.ServiceLogAspect [ServiceLogAspect.java:35] 用户[127.0.0.1],在[2024-08-26 13:37:08],访问了[com.nowcoder.community.service.UserService-findUserById]
2024-08-26 13:37:08,290 INFO [http-nio-8080-exec-9] c.n.c.a.ServiceLogAspect [ServiceLogAspect.java:35] 用户[127.0.0.1],在[2024-08-26 13:37:08],访问了[com.nowcoder.community.service.UserService-findUserById]
2024-08-26 13:37:08,291 INFO [http-nio-8080-exec-9] c.n.c.a.ServiceLogAspect [ServiceLogAspect.java:35] 用户[127.0.0.1],在[2024-08-26 13:37:08],访问了[com.nowcoder.community.service.UserService-findUserById]
2024-08-26 13:37:08,292 INFO [http-nio-8080-exec-9] c.n.c.a.ServiceLogAspect [ServiceLogAspect.java:35] 用户[127.0.0.1],在[2024-08-26 13:37:08],访问了[com.nowcoder.community.service.UserService-findUserById]
2024-08-26 13:37:08,292 INFO [http-nio-8080-exec-9] c.n.c.a.ServiceLogAspect [ServiceLogAspect.java:35] 用户[127.0.0.1],在[2024-08-26 13:37:08],访问了[com.nowcoder.community.service.UserService-findUserById]
2024-08-26 21:47:48,132 INFO [SpringApplicationShutdownHook] c.z.h.HikariDataSource [HikariDataSource.java:350] HikariPool-1 - Shutdown initiated...
2024-08-26 21:47:48,138 INFO [SpringApplicationShutdownHook] c.z.h.HikariDataSource [HikariDataSource.java:352] HikariPool-1 - Shutdown completed.
