2024-09-05 11:50:28,787 WARN [restartedMain] o.a.c.c.C.[.[.[/community] [DirectJDKLog.java:173] Cannot deserialize session attribute [SPRING_SECURITY_CONTEXT] for session [570B9D44BA08AF855EEE56626F8FF4D9]
2024-09-05 11:50:37,813 WARN [org.springframework.kafka.KafkaListenerEndpointContainer#1-0-C-1] o.a.k.c.NetworkClient [NetworkClient.java:671] [Consumer clientId=consumer-4, groupId=community-consumer-group] Connection to node 0 could not be established. Broker may not be available.
2024-09-05 11:50:37,813 WARN [org.springframework.kafka.KafkaListenerEndpointContainer#0-0-C-1] o.a.k.c.NetworkClient [NetworkClient.java:671] [Consumer clientId=consumer-2, groupId=community-consumer-group] Connection to node 0 could not be established. Broker may not be available.
2024-09-05 11:50:39,979 WARN [org.springframework.kafka.KafkaListenerEndpointContainer#1-0-C-1] o.a.k.c.NetworkClient [NetworkClient.java:671] [Consumer clientId=consumer-4, groupId=community-consumer-group] Connection to node 0 could not be established. Broker may not be available.
2024-09-05 11:50:39,979 WARN [org.springframework.kafka.KafkaListenerEndpointContainer#0-0-C-1] o.a.k.c.NetworkClient [NetworkClient.java:671] [Consumer clientId=consumer-2, groupId=community-consumer-group] Connection to node 0 could not be established. Broker may not be available.
2024-09-05 11:50:42,194 WARN [org.springframework.kafka.KafkaListenerEndpointContainer#1-0-C-1] o.a.k.c.NetworkClient [NetworkClient.java:671] [Consumer clientId=consumer-4, groupId=community-consumer-group] Connection to node 0 could not be established. Broker may not be available.
2024-09-05 11:50:42,256 WARN [org.springframework.kafka.KafkaListenerEndpointContainer#0-0-C-1] o.a.k.c.NetworkClient [NetworkClient.java:671] [Consumer clientId=consumer-2, groupId=community-consumer-group] Connection to node 0 could not be established. Broker may not be available.
2024-09-05 11:51:28,634 WARN [org.springframework.kafka.KafkaListenerEndpointContainer#1-0-C-1] o.a.k.c.NetworkClient [NetworkClient.java:671] [Consumer clientId=consumer-4, groupId=community-consumer-group] Connection to node 0 could not be established. Broker may not be available.
2024-09-05 11:51:28,634 WARN [org.springframework.kafka.KafkaListenerEndpointContainer#0-0-C-1] o.a.k.c.NetworkClient [NetworkClient.java:671] [Consumer clientId=consumer-2, groupId=community-consumer-group] Connection to node 0 could not be established. Broker may not be available.
2024-09-05 11:51:30,782 WARN [org.springframework.kafka.KafkaListenerEndpointContainer#1-0-C-1] o.a.k.c.NetworkClient [NetworkClient.java:671] [Consumer clientId=consumer-4, groupId=community-consumer-group] Connection to node 0 could not be established. Broker may not be available.
2024-09-05 11:51:30,782 WARN [org.springframework.kafka.KafkaListenerEndpointContainer#0-0-C-1] o.a.k.c.NetworkClient [NetworkClient.java:671] [Consumer clientId=consumer-2, groupId=community-consumer-group] Connection to node 0 could not be established. Broker may not be available.
2024-09-05 11:51:33,022 WARN [org.springframework.kafka.KafkaListenerEndpointContainer#0-0-C-1] o.a.k.c.NetworkClient [NetworkClient.java:671] [Consumer clientId=consumer-2, groupId=community-consumer-group] Connection to node 0 could not be established. Broker may not be available.
2024-09-05 11:51:33,083 WARN [org.springframework.kafka.KafkaListenerEndpointContainer#1-0-C-1] o.a.k.c.NetworkClient [NetworkClient.java:671] [Consumer clientId=consumer-4, groupId=community-consumer-group] Connection to node 0 could not be established. Broker may not be available.
2024-09-05 11:51:35,495 WARN [org.springframework.kafka.KafkaListenerEndpointContainer#0-0-C-1] o.a.k.c.NetworkClient [NetworkClient.java:671] [Consumer clientId=consumer-2, groupId=community-consumer-group] Connection to node 0 could not be established. Broker may not be available.
2024-09-05 11:51:35,622 WARN [org.springframework.kafka.KafkaListenerEndpointContainer#1-0-C-1] o.a.k.c.NetworkClient [NetworkClient.java:671] [Consumer clientId=consumer-4, groupId=community-consumer-group] Connection to node 0 could not be established. Broker may not be available.
2024-09-05 14:37:49,705 WARN [restartedMain] o.a.c.c.C.[.[.[/community] [DirectJDKLog.java:173] Cannot deserialize session attribute [SPRING_SECURITY_CONTEXT] for session [9B05224FFB85993CFFB0C3213948343F]
2024-09-05 14:38:03,238 WARN [http-nio-8080-exec-1] o.s.w.s.m.m.a.ExceptionHandlerExceptionResolver [AbstractHandlerExceptionResolver.java:198] Resolved [java.lang.NullPointerException]
2024-09-05 14:38:37,214 WARN [http-nio-8080-exec-7] o.s.w.s.m.m.a.ExceptionHandlerExceptionResolver [AbstractHandlerExceptionResolver.java:198] Resolved [java.lang.NullPointerException]
2024-09-05 14:39:45,851 WARN [http-nio-8080-exec-9] o.s.w.s.m.m.a.ExceptionHandlerExceptionResolver [AbstractHandlerExceptionResolver.java:198] Resolved [java.lang.NullPointerException]
2024-09-05 14:41:08,566 WARN [kafka-producer-network-thread | producer-1] o.a.k.c.NetworkClient [NetworkClient.java:671] [Producer clientId=producer-1] Connection to node 0 could not be established. Broker may not be available.
2024-09-05 14:41:08,567 WARN [org.springframework.kafka.KafkaListenerEndpointContainer#1-0-C-1] o.a.k.c.NetworkClient [NetworkClient.java:671] [Consumer clientId=consumer-4, groupId=community-consumer-group] Connection to node 0 could not be established. Broker may not be available.
2024-09-05 14:41:08,567 WARN [org.springframework.kafka.KafkaListenerEndpointContainer#0-0-C-1] o.a.k.c.NetworkClient [NetworkClient.java:671] [Consumer clientId=consumer-2, groupId=community-consumer-group] Connection to node 0 could not be established. Broker may not be available.
2024-09-05 14:41:10,719 WARN [kafka-producer-network-thread | producer-1] o.a.k.c.NetworkClient [NetworkClient.java:671] [Producer clientId=producer-1] Connection to node 0 could not be established. Broker may not be available.
2024-09-05 14:41:10,719 WARN [org.springframework.kafka.KafkaListenerEndpointContainer#0-0-C-1] o.a.k.c.NetworkClient [NetworkClient.java:671] [Consumer clientId=consumer-2, groupId=community-consumer-group] Connection to node 0 could not be established. Broker may not be available.
2024-09-05 14:41:10,719 WARN [org.springframework.kafka.KafkaListenerEndpointContainer#1-0-C-1] o.a.k.c.NetworkClient [NetworkClient.java:671] [Consumer clientId=consumer-4, groupId=community-consumer-group] Connection to node 0 could not be established. Broker may not be available.
2024-09-05 14:41:12,937 WARN [org.springframework.kafka.KafkaListenerEndpointContainer#0-0-C-1] o.a.k.c.NetworkClient [NetworkClient.java:671] [Consumer clientId=consumer-2, groupId=community-consumer-group] Connection to node 0 could not be established. Broker may not be available.
2024-09-05 14:41:12,938 WARN [org.springframework.kafka.KafkaListenerEndpointContainer#1-0-C-1] o.a.k.c.NetworkClient [NetworkClient.java:671] [Consumer clientId=consumer-4, groupId=community-consumer-group] Connection to node 0 could not be established. Broker may not be available.
2024-09-05 14:41:12,938 WARN [kafka-producer-network-thread | producer-1] o.a.k.c.NetworkClient [NetworkClient.java:671] [Producer clientId=producer-1] Connection to node 0 could not be established. Broker may not be available.
2024-09-05 14:41:15,414 WARN [org.springframework.kafka.KafkaListenerEndpointContainer#0-0-C-1] o.a.k.c.NetworkClient [NetworkClient.java:671] [Consumer clientId=consumer-2, groupId=community-consumer-group] Connection to node 0 could not be established. Broker may not be available.
2024-09-05 14:41:15,491 WARN [org.springframework.kafka.KafkaListenerEndpointContainer#1-0-C-1] o.a.k.c.NetworkClient [NetworkClient.java:671] [Consumer clientId=consumer-4, groupId=community-consumer-group] Connection to node 0 could not be established. Broker may not be available.
2024-09-05 14:41:15,492 WARN [kafka-producer-network-thread | producer-1] o.a.k.c.NetworkClient [NetworkClient.java:671] [Producer clientId=producer-1] Connection to node 0 could not be established. Broker may not be available.
2024-09-05 14:41:18,253 WARN [org.springframework.kafka.KafkaListenerEndpointContainer#0-0-C-1] o.a.k.c.NetworkClient [NetworkClient.java:671] [Consumer clientId=consumer-2, groupId=community-consumer-group] Connection to node 0 could not be established. Broker may not be available.
2024-09-05 14:41:18,471 WARN [org.springframework.kafka.KafkaListenerEndpointContainer#1-0-C-1] o.a.k.c.NetworkClient [NetworkClient.java:671] [Consumer clientId=consumer-4, groupId=community-consumer-group] Connection to node 0 could not be established. Broker may not be available.
2024-09-05 14:41:18,472 WARN [kafka-producer-network-thread | producer-1] o.a.k.c.NetworkClient [NetworkClient.java:671] [Producer clientId=producer-1] Connection to node 0 could not be established. Broker may not be available.
2024-09-05 14:41:21,510 WARN [kafka-producer-network-thread | producer-1] o.a.k.c.NetworkClient [NetworkClient.java:671] [Producer clientId=producer-1] Connection to node 0 could not be established. Broker may not be available.
2024-09-05 14:41:21,543 WARN [org.springframework.kafka.KafkaListenerEndpointContainer#0-0-C-1] o.a.k.c.NetworkClient [NetworkClient.java:671] [Consumer clientId=consumer-2, groupId=community-consumer-group] Connection to node 0 could not be established. Broker may not be available.
2024-09-05 14:41:21,716 WARN [org.springframework.kafka.KafkaListenerEndpointContainer#1-0-C-1] o.a.k.c.NetworkClient [NetworkClient.java:671] [Consumer clientId=consumer-4, groupId=community-consumer-group] Connection to node 0 could not be established. Broker may not be available.
2024-09-05 14:41:24,618 WARN [kafka-producer-network-thread | producer-1] o.a.k.c.NetworkClient [NetworkClient.java:671] [Producer clientId=producer-1] Connection to node 0 could not be established. Broker may not be available.
2024-09-05 15:30:59,488 WARN [restartedMain] o.a.c.c.C.[.[.[/community] [DirectJDKLog.java:173] Cannot deserialize session attribute [SPRING_SECURITY_CONTEXT] for session [417D8028E8F29272FCE38004B45826D4]
2024-09-05 17:12:25,844 WARN [restartedMain] o.a.c.c.C.[.[.[/community] [DirectJDKLog.java:173] Cannot deserialize session attribute [SPRING_SECURITY_CONTEXT] for session [215BE2EDD95B73E081A063DD39C24724]
2024-09-05 17:12:36,407 WARN [http-nio-8080-exec-1] o.s.w.s.m.m.a.ExceptionHandlerExceptionResolver [AbstractHandlerExceptionResolver.java:198] Resolved [java.lang.NullPointerException]
2024-09-05 17:14:38,784 WARN [http-nio-8080-exec-4] o.s.w.s.m.m.a.ExceptionHandlerExceptionResolver [AbstractHandlerExceptionResolver.java:198] Resolved [java.lang.NullPointerException]
2024-09-05 17:15:34,684 WARN [restartedMain] o.a.c.c.C.[.[.[/community] [DirectJDKLog.java:173] Cannot deserialize session attribute [SPRING_SECURITY_CONTEXT] for session [422A21A6DAF0F2E6EE7B48691E74B6D6]
2024-09-05 17:21:34,133 WARN [http-nio-8080-exec-3] o.s.w.s.m.m.a.ExceptionHandlerExceptionResolver [AbstractHandlerExceptionResolver.java:198] Resolved [java.lang.NullPointerException]
2024-09-05 17:21:42,074 WARN [http-nio-8080-exec-1] o.s.w.s.m.m.a.ExceptionHandlerExceptionResolver [AbstractHandlerExceptionResolver.java:198] Resolved [java.lang.NullPointerException]
2024-09-05 17:32:52,917 WARN [org.springframework.kafka.KafkaListenerEndpointContainer#1-0-C-1] o.a.k.c.NetworkClient [NetworkClient.java:671] [Consumer clientId=consumer-8, groupId=community-consumer-group] Connection to node 0 could not be established. Broker may not be available.
2024-09-05 17:32:52,918 WARN [kafka-producer-network-thread | producer-2] o.a.k.c.NetworkClient [NetworkClient.java:671] [Producer clientId=producer-2] Connection to node 0 could not be established. Broker may not be available.
2024-09-05 17:32:52,918 WARN [org.springframework.kafka.KafkaListenerEndpointContainer#0-0-C-1] o.a.k.c.NetworkClient [NetworkClient.java:671] [Consumer clientId=consumer-6, groupId=community-consumer-group] Connection to node 0 could not be established. Broker may not be available.
2024-09-05 17:32:55,079 WARN [kafka-producer-network-thread | producer-2] o.a.k.c.NetworkClient [NetworkClient.java:671] [Producer clientId=producer-2] Connection to node 0 could not be established. Broker may not be available.
2024-09-05 17:32:55,079 WARN [org.springframework.kafka.KafkaListenerEndpointContainer#1-0-C-1] o.a.k.c.NetworkClient [NetworkClient.java:671] [Consumer clientId=consumer-8, groupId=community-consumer-group] Connection to node 0 could not be established. Broker may not be available.
2024-09-05 17:32:55,079 WARN [org.springframework.kafka.KafkaListenerEndpointContainer#0-0-C-1] o.a.k.c.NetworkClient [NetworkClient.java:671] [Consumer clientId=consumer-6, groupId=community-consumer-group] Connection to node 0 could not be established. Broker may not be available.
2024-09-05 17:32:57,297 WARN [org.springframework.kafka.KafkaListenerEndpointContainer#0-0-C-1] o.a.k.c.NetworkClient [NetworkClient.java:671] [Consumer clientId=consumer-6, groupId=community-consumer-group] Connection to node 0 could not be established. Broker may not be available.
2024-09-05 17:32:57,297 WARN [org.springframework.kafka.KafkaListenerEndpointContainer#1-0-C-1] o.a.k.c.NetworkClient [NetworkClient.java:671] [Consumer clientId=consumer-8, groupId=community-consumer-group] Connection to node 0 could not be established. Broker may not be available.
2024-09-05 17:32:57,373 WARN [kafka-producer-network-thread | producer-2] o.a.k.c.NetworkClient [NetworkClient.java:671] [Producer clientId=producer-2] Connection to node 0 could not be established. Broker may not be available.
